2024-10-03T00:14:41.143+02:00  INFO 26164 --- [statsApp] [SpringApplicationShutdownHook] j.LocalContainerEntityManagerFactoryBean : Closing JPA EntityManagerFactory for persistence unit 'default'
2024-10-03T00:14:41.159+02:00  INFO 26164 --- [statsApp] [SpringApplicationShutdownHook] com.zaxxer.hikari.HikariDataSource       : HikariPool-1 - Shutdown initiated...
2024-10-03T00:14:41.162+02:00  INFO 26164 --- [statsApp] [SpringApplicationShutdownHook] com.zaxxer.hikari.HikariDataSource       : HikariPool-1 - Shutdown completed.
2024-10-03T08:58:48.465+02:00  INFO 2060 --- [statsApp] [restartedMain] c.landspa.statsapp.StatsAppApplication   : Starting StatsAppApplication using Java 22.0.1 with PID 2060 (C:\Users\landy\IdeaProjects\statsApp\target\classes started by landy in C:\Users\landy\IdeaProjects\statsApp)
2024-10-03T08:58:48.469+02:00  INFO 2060 --- [statsApp] [restartedMain] c.landspa.statsapp.StatsAppApplication   : No active profile set, falling back to 1 default profile: "default"
2024-10-03T08:58:48.516+02:00  INFO 2060 --- [statsApp] [restartedMain] .e.DevToolsPropertyDefaultsPostProcessor : Devtools property defaults active! Set 'spring.devtools.add-properties' to 'false' to disable
2024-10-03T08:58:48.516+02:00  INFO 2060 --- [statsApp] [restartedMain] .e.DevToolsPropertyDefaultsPostProcessor : For additional web related logging consider setting the 'logging.level.web' property to 'DEBUG'
2024-10-03T08:58:49.482+02:00  INFO 2060 --- [statsApp] [restartedMain] .s.d.r.c.RepositoryConfigurationDelegate : Bootstrapping Spring Data JPA repositories in DEFAULT mode.
2024-10-03T08:58:49.600+02:00  INFO 2060 --- [statsApp] [restartedMain] .s.d.r.c.RepositoryConfigurationDelegate : Finished Spring Data repository scanning in 108 ms. Found 14 JPA repository interfaces.
2024-10-03T08:58:50.327+02:00  INFO 2060 --- [statsApp] [restartedMain] o.s.b.w.embedded.tomcat.TomcatWebServer  : Tomcat initialized with port 8080 (http)
2024-10-03T08:58:50.341+02:00  INFO 2060 --- [statsApp] [restartedMain] o.apache.catalina.core.StandardService   : Starting service [Tomcat]
2024-10-03T08:58:50.341+02:00  INFO 2060 --- [statsApp] [restartedMain] o.apache.catalina.core.StandardEngine    : Starting Servlet engine: [Apache Tomcat/10.1.26]
2024-10-03T08:58:50.397+02:00  INFO 2060 --- [statsApp] [restartedMain] o.a.c.c.C.[Tomcat].[localhost].[/]       : Initializing Spring embedded WebApplicationContext
2024-10-03T08:58:50.397+02:00  INFO 2060 --- [statsApp] [restartedMain] w.s.c.ServletWebServerApplicationContext : Root WebApplicationContext: initialization completed in 1880 ms
2024-10-03T08:58:50.562+02:00  INFO 2060 --- [statsApp] [restartedMain] o.hibernate.jpa.internal.util.LogHelper  : HHH000204: Processing PersistenceUnitInfo [name: default]
2024-10-03T08:58:50.658+02:00  INFO 2060 --- [statsApp] [restartedMain] org.hibernate.Version                    : HHH000412: Hibernate ORM core version 6.5.2.Final
2024-10-03T08:58:50.704+02:00  INFO 2060 --- [statsApp] [restartedMain] o.h.c.internal.RegionFactoryInitiator    : HHH000026: Second-level cache disabled
2024-10-03T08:58:51.096+02:00  INFO 2060 --- [statsApp] [restartedMain] o.s.o.j.p.SpringPersistenceUnitInfo      : No LoadTimeWeaver setup: ignoring JPA class transformer
2024-10-03T08:58:51.131+02:00  INFO 2060 --- [statsApp] [restartedMain] com.zaxxer.hikari.HikariDataSource       : HikariPool-1 - Starting...
2024-10-03T08:58:51.220+02:00  INFO 2060 --- [statsApp] [restartedMain] com.zaxxer.hikari.pool.HikariPool        : HikariPool-1 - Added connection org.mariadb.jdbc.Connection@1e3d1ca9
2024-10-03T08:58:51.222+02:00  INFO 2060 --- [statsApp] [restartedMain] com.zaxxer.hikari.HikariDataSource       : HikariPool-1 - Start completed.
2024-10-03T08:58:51.250+02:00  WARN 2060 --- [statsApp] [restartedMain] org.hibernate.orm.deprecation            : HHH90000025: MariaDBDialect does not need to be specified explicitly using 'hibernate.dialect' (remove the property setting and it will be selected by default)
2024-10-03T08:58:51.392+02:00  WARN 2060 --- [statsApp] [restartedMain] o.h.boot.model.internal.EntityBinder     : HHH000457: Joined inheritance hierarchy [cz.landspa.statsapp.model.Event] defined explicit @DiscriminatorColumn.  Legacy Hibernate behavior was to ignore the @DiscriminatorColumn.  However, as part of issue HHH-6911 we now apply the explicit @DiscriminatorColumn.  If you would prefer the legacy behavior, enable the `hibernate.discriminator.ignore_explicit_for_joined` setting (hibernate.discriminator.ignore_explicit_for_joined=true)
2024-10-03T08:58:52.583+02:00  INFO 2060 --- [statsApp] [restartedMain] o.h.e.t.j.p.i.JtaPlatformInitiator       : HHH000489: No JTA platform available (set 'hibernate.transaction.jta.platform' to enable JTA platform integration)
2024-10-03T08:58:52.695+02:00  INFO 2060 --- [statsApp] [restartedMain] j.LocalContainerEntityManagerFactoryBean : Initialized JPA EntityManagerFactory for persistence unit 'default'
2024-10-03T08:58:52.941+02:00  INFO 2060 --- [statsApp] [restartedMain] o.s.d.j.r.query.QueryEnhancerFactory     : Hibernate is in classpath; If applicable, HQL parser will be used.
2024-10-03T08:58:55.014+02:00  WARN 2060 --- [statsApp] [restartedMain] JpaBaseConfiguration$JpaWebConfiguration : spring.jpa.open-in-view is enabled by default. Therefore, database queries may be performed during view rendering. Explicitly configure spring.jpa.open-in-view to disable this warning
2024-10-03T08:58:55.042+02:00  WARN 2060 --- [statsApp] [restartedMain] r$InitializeUserDetailsManagerConfigurer : Global AuthenticationManager configured with an AuthenticationProvider bean. UserDetailsService beans will not be used for username/password login. Consider removing the AuthenticationProvider bean. Alternatively, consider using the UserDetailsService in a manually instantiated DaoAuthenticationProvider.
2024-10-03T08:58:55.175+02:00  INFO 2060 --- [statsApp] [restartedMain] o.s.b.a.w.s.WelcomePageHandlerMapping    : Adding welcome page template: index
2024-10-03T08:58:55.912+02:00  INFO 2060 --- [statsApp] [restartedMain] o.s.b.d.a.OptionalLiveReloadServer       : LiveReload server is running on port 35729
2024-10-03T08:58:55.964+02:00  INFO 2060 --- [statsApp] [restartedMain] o.s.b.w.embedded.tomcat.TomcatWebServer  : Tomcat started on port 8080 (http) with context path '/'
2024-10-03T08:58:55.975+02:00  INFO 2060 --- [statsApp] [restartedMain] c.landspa.statsapp.StatsAppApplication   : Started StatsAppApplication in 8.063 seconds (process running for 9.124)
2024-10-03T08:58:59.875+02:00  INFO 2060 --- [statsApp] [http-nio-8080-exec-1] o.a.c.c.C.[Tomcat].[localhost].[/]       : Initializing Spring DispatcherServlet 'dispatcherServlet'
2024-10-03T08:58:59.876+02:00  INFO 2060 --- [statsApp] [http-nio-8080-exec-1] o.s.web.servlet.DispatcherServlet        : Initializing Servlet 'dispatcherServlet'
2024-10-03T08:58:59.878+02:00  INFO 2060 --- [statsApp] [http-nio-8080-exec-1] o.s.web.servlet.DispatcherServlet        : Completed initialization in 2 ms
2024-10-03T08:59:15.971+02:00 DEBUG 2060 --- [statsApp] [http-nio-8080-exec-4] org.hibernate.SQL                        : select u1_0.id,u1_0.email,u1_0.enabled,u1_0.password,u1_0.role,u1_0.username from users u1_0 where u1_0.username=? or u1_0.email=?
2024-10-03T08:59:16.270+02:00 DEBUG 2060 --- [statsApp] [http-nio-8080-exec-4] org.hibernate.SQL                        : select u1_0.id,u1_0.email,u1_0.enabled,u1_0.password,u1_0.role,u1_0.username from users u1_0 where u1_0.username=? or u1_0.email=?
2024-10-03T08:59:16.658+02:00 DEBUG 2060 --- [statsApp] [http-nio-8080-exec-6] org.hibernate.SQL                        : select u1_0.id,u1_0.email,u1_0.enabled,u1_0.password,u1_0.role,u1_0.username from users u1_0 where u1_0.username=? or u1_0.email=?
2024-10-03T08:59:16.665+02:00 DEBUG 2060 --- [statsApp] [http-nio-8080-exec-6] org.hibernate.SQL                        : select u1_0.id,u1_0.email,u1_0.enabled,u1_0.password,u1_0.role,u1_0.username from users u1_0 where u1_0.username=? or u1_0.email=?
2024-10-03T08:59:16.694+02:00 DEBUG 2060 --- [statsApp] [http-nio-8080-exec-6] org.hibernate.SQL                        : select t1_0.id,t1_0.name,t1_0.owner_id,count(distinct p1_0.id),count(distinct g1_0.id) from team t1_0 left join player p1_0 on p1_0.team_id=t1_0.id left join game g1_0 on g1_0.team_id=t1_0.id where t1_0.owner_id=? group by t1_0.id
2024-10-03T08:59:16.731+02:00 DEBUG 2060 --- [statsApp] [http-nio-8080-exec-6] org.hibernate.SQL                        : select g1_0.id,g1_0.current_period,g1_0.date,g1_0.opponent,g1_0.period_length,g1_0.periods,g1_0.team_id,g1_0.time,g1_0.venue from game g1_0 left join team t1_0 on t1_0.id=g1_0.team_id where t1_0.owner_id=? and g1_0.date>? order by g1_0.date limit ?
2024-10-03T08:59:16.744+02:00 DEBUG 2060 --- [statsApp] [http-nio-8080-exec-6] org.hibernate.SQL                        : select count(t1_0.id) from team t1_0 where t1_0.owner_id=?
2024-10-03T08:59:16.749+02:00 DEBUG 2060 --- [statsApp] [http-nio-8080-exec-6] org.hibernate.SQL                        : select count(g1_0.id) from game g1_0 left join team t1_0 on t1_0.id=g1_0.team_id where t1_0.owner_id=?
2024-10-03T08:59:16.752+02:00 DEBUG 2060 --- [statsApp] [http-nio-8080-exec-6] org.hibernate.SQL                        : select count(p1_0.id) from player p1_0 left join team t1_0 on t1_0.id=p1_0.team_id where t1_0.owner_id=?
2024-10-03T09:00:18.998+02:00 DEBUG 2060 --- [statsApp] [http-nio-8080-exec-1] org.hibernate.SQL                        : select u1_0.id,u1_0.email,u1_0.enabled,u1_0.password,u1_0.role,u1_0.username from users u1_0 where u1_0.username=? or u1_0.email=?
2024-10-03T09:00:19.007+02:00 DEBUG 2060 --- [statsApp] [http-nio-8080-exec-1] org.hibernate.SQL                        : select u1_0.id,u1_0.email,u1_0.enabled,u1_0.password,u1_0.role,u1_0.username from users u1_0 where u1_0.username=? or u1_0.email=?
2024-10-03T09:00:19.007+02:00 DEBUG 2060 --- [statsApp] [http-nio-8080-exec-1] org.hibernate.SQL                        : select t1_0.id,t1_0.name,t1_0.owner_id,count(distinct p1_0.id),count(distinct g1_0.id) from team t1_0 left join player p1_0 on p1_0.team_id=t1_0.id left join game g1_0 on g1_0.team_id=t1_0.id where t1_0.owner_id=? group by t1_0.id
2024-10-03T09:00:22.310+02:00 DEBUG 2060 --- [statsApp] [http-nio-8080-exec-8] org.hibernate.SQL                        : select t1_0.id,t1_0.name,o1_0.id,o1_0.email,o1_0.enabled,o1_0.password,o1_0.role,o1_0.username from team t1_0 left join users o1_0 on o1_0.id=t1_0.owner_id where t1_0.id=?
2024-10-03T09:00:22.432+02:00 DEBUG 2060 --- [statsApp] [http-nio-8080-exec-8] org.hibernate.SQL                        : select u1_0.id,u1_0.email,u1_0.enabled,u1_0.password,u1_0.role,u1_0.username from users u1_0 where u1_0.username=? or u1_0.email=?
2024-10-03T09:00:22.462+02:00 DEBUG 2060 --- [statsApp] [http-nio-8080-exec-8] org.hibernate.SQL                        : select t1_0.id,t1_0.name,o1_0.id,o1_0.email,o1_0.enabled,o1_0.password,o1_0.role,o1_0.username from team t1_0 left join users o1_0 on o1_0.id=t1_0.owner_id where t1_0.id=?
2024-10-03T09:00:22.475+02:00 DEBUG 2060 --- [statsApp] [http-nio-8080-exec-8] org.hibernate.SQL                        : select p1_0.id,p1_0.name,p1_0.number,p1_0.position,p1_0.surname,p1_0.team_id from player p1_0 where p1_0.team_id=? order by p1_0.position
2024-10-03T09:00:22.490+02:00 DEBUG 2060 --- [statsApp] [http-nio-8080-exec-8] org.hibernate.SQL                        : select g1_0.id,g1_0.current_period,g1_0.date,g1_0.opponent,g1_0.period_length,g1_0.periods,g1_0.team_id,g1_0.time,g1_0.venue,(select count(distinct gs1_0.id) from goal_scored gs1_0 join event gs1_1 on gs1_0.id=gs1_1.id join game g2_0 on g2_0.id=gs1_1.game_id where g2_0.team_id=? and gs1_1.game_id=g1_0.id),(select count(distinct gc1_0.id) from goal_conceded gc1_0 join event gc1_1 on gc1_0.id=gc1_1.id join game g3_0 on g3_0.id=gc1_1.game_id where g3_0.team_id=? and gc1_1.game_id=g1_0.id) from game g1_0 where g1_0.team_id=? group by g1_0.id order by g1_0.date,g1_0.time
2024-10-03T09:00:25.258+02:00 DEBUG 2060 --- [statsApp] [http-nio-8080-exec-7] org.hibernate.SQL                        : select u1_0.id,u1_0.email,u1_0.enabled,u1_0.password,u1_0.role,u1_0.username from users u1_0 where u1_0.username=? or u1_0.email=?
2024-10-03T09:00:25.268+02:00 DEBUG 2060 --- [statsApp] [http-nio-8080-exec-7] org.hibernate.SQL                        : select u1_0.id,u1_0.email,u1_0.enabled,u1_0.password,u1_0.role,u1_0.username from users u1_0 where u1_0.username=? or u1_0.email=?
2024-10-03T09:00:25.273+02:00 DEBUG 2060 --- [statsApp] [http-nio-8080-exec-7] org.hibernate.SQL                        : select t1_0.id,t1_0.name,t1_0.owner_id,count(distinct p1_0.id),count(distinct g1_0.id) from team t1_0 left join player p1_0 on p1_0.team_id=t1_0.id left join game g1_0 on g1_0.team_id=t1_0.id where t1_0.owner_id=? group by t1_0.id
2024-10-03T09:00:27.384+02:00 DEBUG 2060 --- [statsApp] [http-nio-8080-exec-9] org.hibernate.SQL                        : select u1_0.id,u1_0.email,u1_0.enabled,u1_0.password,u1_0.role,u1_0.username from users u1_0 where u1_0.username=? or u1_0.email=?
2024-10-03T09:00:27.409+02:00 DEBUG 2060 --- [statsApp] [http-nio-8080-exec-9] org.hibernate.SQL                        : select g1_0.id from game g1_0 where g1_0.team_id=? and g1_0.date between ? and current_date
2024-10-03T09:00:27.449+02:00 DEBUG 2060 --- [statsApp] [http-nio-8080-exec-9] org.hibernate.SQL                        : select (select count(distinct gs1_0.id) from goal_scored gs1_0 join event gs1_1 on gs1_0.id=gs1_1.id where gs1_1.game_id in (?,?) and gs1_0.situation in ('5/4','5/3','4/3')),null,((select count(distinct op1_0.id) from opponent_penalty op1_0 join event op1_1 on op1_0.id=op1_1.id where op1_1.game_id in (?,?) and op1_0.minutes in (2,5,25,12))+((select count(op2_0.id) from opponent_penalty op2_0 join event op2_1 on op2_0.id=op2_1.id where op2_1.game_id in (?,?) and op2_0.minutes in (4))*2)),(select count(distinct gc1_0.id) from goal_conceded gc1_0 join event gc1_1 on gc1_0.id=gc1_1.id where gc1_1.game_id in (?,?) and gc1_0.situation in ('4/5','3/5','3/4')),null,((select count(distinct p1_0.id) from penalty p1_0 join event p1_1 on p1_0.id=p1_1.id where p1_1.game_id in (?,?) and p1_0.minutes in (2,5,25,12))+((select count(p2_0.id) from penalty p2_0 join event p2_1 on p2_0.id=p2_1.id where p2_1.game_id in (?,?) and p2_0.minutes in (4))*2)),(select sum(s1_0.shots) from shot s1_0 where s1_0.game_id in (?,?)),(select sum(s2_0.saves) from saves s2_0 where s2_0.game_id in (?,?)),(select count(distinct g9_0.id) from game g9_0 where g9_0.id in (?,?)),(select count(distinct gs2_0.id) from goal_scored gs2_0 join event gs2_1 on gs2_0.id=gs2_1.id where gs2_1.game_id in (?,?)),(select count(distinct gc2_0.id) from goal_conceded gc2_0 join event gc2_1 on gc2_0.id=gc2_1.id where gc2_1.game_id in (?,?)),(select count(distinct gc3_0.id) from goal_conceded gc3_0 join event gc3_1 on gc3_0.id=gc3_1.id where gc3_1.game_id in (?,?) and gc3_0.in_goal_id is not null)
2024-10-03T09:00:27.465+02:00 DEBUG 2060 --- [statsApp] [http-nio-8080-exec-9] org.hibernate.SQL                        : select p1_0.id,p1_0.name,p1_0.number,p1_0.position,p1_0.surname,p1_0.team_id,(select count(distinct r1_0.id) from roster r1_0 where r1_0.game_id in (?,?) and r1_0.player_id=p1_0.id),(select count(distinct gs1_0.id) from goal_scored gs1_0 join event gs1_1 on gs1_0.id=gs1_1.id join roster s1_0 on s1_0.id=gs1_0.scorer_id where gs1_1.game_id in (?,?) and s1_0.player_id=p1_0.id),(select count(distinct a1_0.roster_id) from goal_scored gs2_0 join event gs2_1 on gs2_0.id=gs2_1.id join goal_assists a1_0 on gs2_0.id=a1_0.goal_id join roster a1_1 on a1_1.id=a1_0.roster_id where a1_1.player_id=p1_0.id and gs2_1.game_id in (?,?)),(select count(oi1_0.roster_id) from goal_scored gs3_0 join event gs3_1 on gs3_0.id=gs3_1.id join goal_on_ice oi1_0 on gs3_0.id=oi1_0.goal_id join roster oi1_1 on oi1_1.id=oi1_0.roster_id where oi1_1.player_id=p1_0.id and gs3_1.game_id in (?,?)),(select count(oi2_0.roster_id) from goal_conceded gc1_0 join event gc1_1 on gc1_0.id=gc1_1.id join goal_conceded_on_ice oi2_0 on gc1_0.id=oi2_0.goal_conceded_id join roster oi2_1 on oi2_1.id=oi2_0.roster_id where oi2_1.player_id=p1_0.id and gc1_1.game_id in (?,?)),(select sum(p7_0.minutes) from penalty p7_0 join event p7_1 on p7_0.id=p7_1.id join roster p8_0 on p8_0.id=p7_0.player_id where p8_0.player_id=p1_0.id and p7_1.game_id in (?,?)) from player p1_0 where p1_0.team_id=? and p1_0.position<>'GK'
2024-10-03T09:00:27.480+02:00 DEBUG 2060 --- [statsApp] [http-nio-8080-exec-9] org.hibernate.SQL                        : select t1_0.id,t1_0.name,o1_0.id,o1_0.email,o1_0.enabled,o1_0.password,o1_0.role,o1_0.username from team t1_0 left join users o1_0 on o1_0.id=t1_0.owner_id where t1_0.id=?
2024-10-03T09:00:27.496+02:00 DEBUG 2060 --- [statsApp] [http-nio-8080-exec-9] org.hibernate.SQL                        : select p1_0.id,p1_0.name,p1_0.number,p1_0.position,p1_0.surname,p1_0.team_id,(select count(distinct s1_0.game_id) from saves s1_0 join roster g2_0 on g2_0.id=s1_0.goalkeeper_id where s1_0.game_id in (?,?) and g2_0.player_id=p1_0.id),(select count(distinct gc1_0.id) from goal_conceded gc1_0 join event gc1_1 on gc1_0.id=gc1_1.id join roster ig1_0 on ig1_0.id=gc1_0.in_goal_id where gc1_1.game_id in (?,?) and ig1_0.player_id=p1_0.id),(select sum(s2_0.saves) from saves s2_0 join roster g5_0 on g5_0.id=s2_0.goalkeeper_id where s2_0.game_id in (?,?) and g5_0.player_id=p1_0.id) from player p1_0 where p1_0.team_id=? and p1_0.position='GK'
2024-10-03T09:00:56.866+02:00 DEBUG 2060 --- [statsApp] [http-nio-8080-exec-3] org.hibernate.SQL                        : select u1_0.id,u1_0.email,u1_0.enabled,u1_0.password,u1_0.role,u1_0.username from users u1_0 where u1_0.username=? or u1_0.email=?
2024-10-03T09:00:56.873+02:00 DEBUG 2060 --- [statsApp] [http-nio-8080-exec-3] org.hibernate.SQL                        : select u1_0.id,u1_0.email,u1_0.enabled,u1_0.password,u1_0.role,u1_0.username from users u1_0 where u1_0.username=? or u1_0.email=?
2024-10-03T09:00:56.873+02:00 DEBUG 2060 --- [statsApp] [http-nio-8080-exec-3] org.hibernate.SQL                        : select t1_0.id,t1_0.name,t1_0.owner_id,count(distinct p1_0.id),count(distinct g1_0.id) from team t1_0 left join player p1_0 on p1_0.team_id=t1_0.id left join game g1_0 on g1_0.team_id=t1_0.id where t1_0.owner_id=? group by t1_0.id
2024-10-03T09:00:56.880+02:00 DEBUG 2060 --- [statsApp] [http-nio-8080-exec-3] org.hibernate.SQL                        : select g1_0.id,g1_0.current_period,g1_0.date,g1_0.opponent,g1_0.period_length,g1_0.periods,g1_0.team_id,g1_0.time,g1_0.venue from game g1_0 left join team t1_0 on t1_0.id=g1_0.team_id where t1_0.owner_id=? and g1_0.date>? order by g1_0.date limit ?
2024-10-03T09:00:56.886+02:00 DEBUG 2060 --- [statsApp] [http-nio-8080-exec-3] org.hibernate.SQL                        : select count(t1_0.id) from team t1_0 where t1_0.owner_id=?
2024-10-03T09:00:56.886+02:00 DEBUG 2060 --- [statsApp] [http-nio-8080-exec-3] org.hibernate.SQL                        : select count(g1_0.id) from game g1_0 left join team t1_0 on t1_0.id=g1_0.team_id where t1_0.owner_id=?
2024-10-03T09:00:56.893+02:00 DEBUG 2060 --- [statsApp] [http-nio-8080-exec-3] org.hibernate.SQL                        : select count(p1_0.id) from player p1_0 left join team t1_0 on t1_0.id=p1_0.team_id where t1_0.owner_id=?
2024-10-03T09:06:54.563+02:00  INFO 2060 --- [statsApp] [SpringApplicationShutdownHook] j.LocalContainerEntityManagerFactoryBean : Closing JPA EntityManagerFactory for persistence unit 'default'
2024-10-03T09:06:54.585+02:00  INFO 2060 --- [statsApp] [SpringApplicationShutdownHook] com.zaxxer.hikari.HikariDataSource       : HikariPool-1 - Shutdown initiated...
2024-10-03T09:06:54.597+02:00  INFO 2060 --- [statsApp] [SpringApplicationShutdownHook] com.zaxxer.hikari.HikariDataSource       : HikariPool-1 - Shutdown completed.
2024-10-03T09:06:57.297+02:00  INFO 28292 --- [statsApp] [restartedMain] c.landspa.statsapp.StatsAppApplication   : Starting StatsAppApplication using Java 22.0.1 with PID 28292 (C:\Users\landy\IdeaProjects\statsApp\target\classes started by landy in C:\Users\landy\IdeaProjects\statsApp)
2024-10-03T09:06:57.299+02:00  INFO 28292 --- [statsApp] [restartedMain] c.landspa.statsapp.StatsAppApplication   : No active profile set, falling back to 1 default profile: "default"
2024-10-03T09:06:57.353+02:00  INFO 28292 --- [statsApp] [restartedMain] .e.DevToolsPropertyDefaultsPostProcessor : Devtools property defaults active! Set 'spring.devtools.add-properties' to 'false' to disable
2024-10-03T09:06:57.353+02:00  INFO 28292 --- [statsApp] [restartedMain] .e.DevToolsPropertyDefaultsPostProcessor : For additional web related logging consider setting the 'logging.level.web' property to 'DEBUG'
2024-10-03T09:06:58.412+02:00  INFO 28292 --- [statsApp] [restartedMain] .s.d.r.c.RepositoryConfigurationDelegate : Bootstrapping Spring Data JPA repositories in DEFAULT mode.
2024-10-03T09:06:58.570+02:00  INFO 28292 --- [statsApp] [restartedMain] .s.d.r.c.RepositoryConfigurationDelegate : Finished Spring Data repository scanning in 148 ms. Found 14 JPA repository interfaces.
2024-10-03T09:06:59.495+02:00  INFO 28292 --- [statsApp] [restartedMain] o.s.b.w.embedded.tomcat.TomcatWebServer  : Tomcat initialized with port 8080 (http)
2024-10-03T09:06:59.511+02:00  INFO 28292 --- [statsApp] [restartedMain] o.apache.catalina.core.StandardService   : Starting service [Tomcat]
2024-10-03T09:06:59.513+02:00  INFO 28292 --- [statsApp] [restartedMain] o.apache.catalina.core.StandardEngine    : Starting Servlet engine: [Apache Tomcat/10.1.26]
2024-10-03T09:06:59.578+02:00  INFO 28292 --- [statsApp] [restartedMain] o.a.c.c.C.[Tomcat].[localhost].[/]       : Initializing Spring embedded WebApplicationContext
2024-10-03T09:06:59.578+02:00  INFO 28292 --- [statsApp] [restartedMain] w.s.c.ServletWebServerApplicationContext : Root WebApplicationContext: initialization completed in 2224 ms
2024-10-03T09:06:59.792+02:00  INFO 28292 --- [statsApp] [restartedMain] o.hibernate.jpa.internal.util.LogHelper  : HHH000204: Processing PersistenceUnitInfo [name: default]
2024-10-03T09:06:59.864+02:00  INFO 28292 --- [statsApp] [restartedMain] org.hibernate.Version                    : HHH000412: Hibernate ORM core version 6.5.2.Final
2024-10-03T09:06:59.906+02:00  INFO 28292 --- [statsApp] [restartedMain] o.h.c.internal.RegionFactoryInitiator    : HHH000026: Second-level cache disabled
2024-10-03T09:07:00.299+02:00  INFO 28292 --- [statsApp] [restartedMain] o.s.o.j.p.SpringPersistenceUnitInfo      : No LoadTimeWeaver setup: ignoring JPA class transformer
2024-10-03T09:07:00.327+02:00  INFO 28292 --- [statsApp] [restartedMain] com.zaxxer.hikari.HikariDataSource       : HikariPool-1 - Starting...
2024-10-03T09:07:00.436+02:00  INFO 28292 --- [statsApp] [restartedMain] com.zaxxer.hikari.pool.HikariPool        : HikariPool-1 - Added connection org.mariadb.jdbc.Connection@636b2e9c
2024-10-03T09:07:00.438+02:00  INFO 28292 --- [statsApp] [restartedMain] com.zaxxer.hikari.HikariDataSource       : HikariPool-1 - Start completed.
2024-10-03T09:07:00.464+02:00  WARN 28292 --- [statsApp] [restartedMain] org.hibernate.orm.deprecation            : HHH90000025: MariaDBDialect does not need to be specified explicitly using 'hibernate.dialect' (remove the property setting and it will be selected by default)
2024-10-03T09:07:00.594+02:00  WARN 28292 --- [statsApp] [restartedMain] o.h.boot.model.internal.EntityBinder     : HHH000457: Joined inheritance hierarchy [cz.landspa.statsapp.model.Event] defined explicit @DiscriminatorColumn.  Legacy Hibernate behavior was to ignore the @DiscriminatorColumn.  However, as part of issue HHH-6911 we now apply the explicit @DiscriminatorColumn.  If you would prefer the legacy behavior, enable the `hibernate.discriminator.ignore_explicit_for_joined` setting (hibernate.discriminator.ignore_explicit_for_joined=true)
2024-10-03T09:07:01.785+02:00  INFO 28292 --- [statsApp] [restartedMain] o.h.e.t.j.p.i.JtaPlatformInitiator       : HHH000489: No JTA platform available (set 'hibernate.transaction.jta.platform' to enable JTA platform integration)
2024-10-03T09:07:01.903+02:00  INFO 28292 --- [statsApp] [restartedMain] j.LocalContainerEntityManagerFactoryBean : Initialized JPA EntityManagerFactory for persistence unit 'default'
2024-10-03T09:07:02.180+02:00  INFO 28292 --- [statsApp] [restartedMain] o.s.d.j.r.query.QueryEnhancerFactory     : Hibernate is in classpath; If applicable, HQL parser will be used.
2024-10-03T09:07:03.989+02:00  WARN 28292 --- [statsApp] [restartedMain] JpaBaseConfiguration$JpaWebConfiguration : spring.jpa.open-in-view is enabled by default. Therefore, database queries may be performed during view rendering. Explicitly configure spring.jpa.open-in-view to disable this warning
2024-10-03T09:07:04.035+02:00  WARN 28292 --- [statsApp] [restartedMain] r$InitializeUserDetailsManagerConfigurer : Global AuthenticationManager configured with an AuthenticationProvider bean. UserDetailsService beans will not be used for username/password login. Consider removing the AuthenticationProvider bean. Alternatively, consider using the UserDetailsService in a manually instantiated DaoAuthenticationProvider.
2024-10-03T09:07:04.218+02:00  INFO 28292 --- [statsApp] [restartedMain] o.s.b.a.w.s.WelcomePageHandlerMapping    : Adding welcome page template: index
2024-10-03T09:07:05.650+02:00  INFO 28292 --- [statsApp] [restartedMain] o.s.b.d.a.OptionalLiveReloadServer       : LiveReload server is running on port 35729
2024-10-03T09:07:05.744+02:00  INFO 28292 --- [statsApp] [restartedMain] o.s.b.w.embedded.tomcat.TomcatWebServer  : Tomcat started on port 8080 (http) with context path '/'
2024-10-03T09:07:05.765+02:00  INFO 28292 --- [statsApp] [restartedMain] c.landspa.statsapp.StatsAppApplication   : Started StatsAppApplication in 8.953 seconds (process running for 9.854)
2024-10-03T09:09:04.801+02:00  INFO 28292 --- [statsApp] [http-nio-8080-exec-1] o.a.c.c.C.[Tomcat].[localhost].[/]       : Initializing Spring DispatcherServlet 'dispatcherServlet'
2024-10-03T09:09:04.802+02:00  INFO 28292 --- [statsApp] [http-nio-8080-exec-1] o.s.web.servlet.DispatcherServlet        : Initializing Servlet 'dispatcherServlet'
2024-10-03T09:09:04.807+02:00  INFO 28292 --- [statsApp] [http-nio-8080-exec-1] o.s.web.servlet.DispatcherServlet        : Completed initialization in 4 ms
2024-10-03T09:09:51.430+02:00 DEBUG 28292 --- [statsApp] [http-nio-8080-exec-3] org.hibernate.SQL                        : select u1_0.id,u1_0.email,u1_0.enabled,u1_0.password,u1_0.role,u1_0.username from users u1_0 where u1_0.username=? or u1_0.email=?
2024-10-03T09:09:51.742+02:00 DEBUG 28292 --- [statsApp] [http-nio-8080-exec-3] org.hibernate.SQL                        : select u1_0.id,u1_0.email,u1_0.enabled,u1_0.password,u1_0.role,u1_0.username from users u1_0 where u1_0.username=? or u1_0.email=?
2024-10-03T09:09:52.368+02:00 DEBUG 28292 --- [statsApp] [http-nio-8080-exec-9] org.hibernate.SQL                        : select u1_0.id,u1_0.email,u1_0.enabled,u1_0.password,u1_0.role,u1_0.username from users u1_0 where u1_0.username=? or u1_0.email=?
2024-10-03T09:09:52.384+02:00 DEBUG 28292 --- [statsApp] [http-nio-8080-exec-9] org.hibernate.SQL                        : select u1_0.id,u1_0.email,u1_0.enabled,u1_0.password,u1_0.role,u1_0.username from users u1_0 where u1_0.username=? or u1_0.email=?
2024-10-03T09:09:52.415+02:00 DEBUG 28292 --- [statsApp] [http-nio-8080-exec-9] org.hibernate.SQL                        : select t1_0.id,t1_0.name,t1_0.owner_id,count(distinct p1_0.id),count(distinct g1_0.id) from team t1_0 left join player p1_0 on p1_0.team_id=t1_0.id left join game g1_0 on g1_0.team_id=t1_0.id where t1_0.owner_id=? group by t1_0.id
2024-10-03T09:09:52.462+02:00 DEBUG 28292 --- [statsApp] [http-nio-8080-exec-9] org.hibernate.SQL                        : select g1_0.id,g1_0.current_period,g1_0.date,g1_0.opponent,g1_0.period_length,g1_0.periods,g1_0.team_id,g1_0.time,g1_0.venue from game g1_0 left join team t1_0 on t1_0.id=g1_0.team_id where t1_0.owner_id=? and g1_0.date>? order by g1_0.date limit ?
2024-10-03T09:09:52.478+02:00 DEBUG 28292 --- [statsApp] [http-nio-8080-exec-9] org.hibernate.SQL                        : select count(t1_0.id) from team t1_0 where t1_0.owner_id=?
2024-10-03T09:09:52.478+02:00 DEBUG 28292 --- [statsApp] [http-nio-8080-exec-9] org.hibernate.SQL                        : select count(g1_0.id) from game g1_0 left join team t1_0 on t1_0.id=g1_0.team_id where t1_0.owner_id=?
2024-10-03T09:09:52.493+02:00 DEBUG 28292 --- [statsApp] [http-nio-8080-exec-9] org.hibernate.SQL                        : select count(p1_0.id) from player p1_0 left join team t1_0 on t1_0.id=p1_0.team_id where t1_0.owner_id=?
2024-10-03T09:26:25.798+02:00 DEBUG 28292 --- [statsApp] [http-nio-8080-exec-10] org.hibernate.SQL                        : select u1_0.id,u1_0.email,u1_0.enabled,u1_0.password,u1_0.role,u1_0.username from users u1_0 where u1_0.username=? or u1_0.email=?
2024-10-03T09:26:25.815+02:00 DEBUG 28292 --- [statsApp] [http-nio-8080-exec-10] org.hibernate.SQL                        : select u1_0.id,u1_0.email,u1_0.enabled,u1_0.password,u1_0.role,u1_0.username from users u1_0 where u1_0.username=? or u1_0.email=?
2024-10-03T09:26:25.827+02:00 DEBUG 28292 --- [statsApp] [http-nio-8080-exec-10] org.hibernate.SQL                        : select t1_0.id,t1_0.name,t1_0.owner_id,count(distinct p1_0.id),count(distinct g1_0.id) from team t1_0 left join player p1_0 on p1_0.team_id=t1_0.id left join game g1_0 on g1_0.team_id=t1_0.id where t1_0.owner_id=? group by t1_0.id
2024-10-03T09:26:27.258+02:00 DEBUG 28292 --- [statsApp] [http-nio-8080-exec-5] org.hibernate.SQL                        : select t1_0.id,t1_0.name,o1_0.id,o1_0.email,o1_0.enabled,o1_0.password,o1_0.role,o1_0.username from team t1_0 left join users o1_0 on o1_0.id=t1_0.owner_id where t1_0.id=?
2024-10-03T09:26:27.446+02:00 DEBUG 28292 --- [statsApp] [http-nio-8080-exec-4] org.hibernate.SQL                        : select u1_0.id,u1_0.email,u1_0.enabled,u1_0.password,u1_0.role,u1_0.username from users u1_0 where u1_0.username=? or u1_0.email=?
2024-10-03T09:26:27.493+02:00 DEBUG 28292 --- [statsApp] [http-nio-8080-exec-4] org.hibernate.SQL                        : select t1_0.id,t1_0.name,o1_0.id,o1_0.email,o1_0.enabled,o1_0.password,o1_0.role,o1_0.username from team t1_0 left join users o1_0 on o1_0.id=t1_0.owner_id where t1_0.id=?
2024-10-03T09:26:27.509+02:00 DEBUG 28292 --- [statsApp] [http-nio-8080-exec-4] org.hibernate.SQL                        : select p1_0.id,p1_0.name,p1_0.number,p1_0.position,p1_0.surname,p1_0.team_id from player p1_0 where p1_0.team_id=? order by p1_0.position
2024-10-03T09:26:27.524+02:00 DEBUG 28292 --- [statsApp] [http-nio-8080-exec-4] org.hibernate.SQL                        : select g1_0.id,g1_0.current_period,g1_0.date,g1_0.opponent,g1_0.period_length,g1_0.periods,g1_0.team_id,g1_0.time,g1_0.venue,(select count(distinct gs1_0.id) from goal_scored gs1_0 join event gs1_1 on gs1_0.id=gs1_1.id join game g2_0 on g2_0.id=gs1_1.game_id where g2_0.team_id=? and gs1_1.game_id=g1_0.id),(select count(distinct gc1_0.id) from goal_conceded gc1_0 join event gc1_1 on gc1_0.id=gc1_1.id join game g3_0 on g3_0.id=gc1_1.game_id where g3_0.team_id=? and gc1_1.game_id=g1_0.id) from game g1_0 where g1_0.team_id=? group by g1_0.id order by g1_0.date,g1_0.time
2024-10-03T09:26:29.667+02:00 DEBUG 28292 --- [statsApp] [http-nio-8080-exec-1] org.hibernate.SQL                        : select g1_0.id,g1_0.current_period,g1_0.date,g1_0.opponent,g1_0.period_length,g1_0.periods,t1_0.id,t1_0.name,o1_0.id,o1_0.email,o1_0.enabled,o1_0.password,o1_0.role,o1_0.username,g1_0.time,g1_0.venue from game g1_0 left join team t1_0 on t1_0.id=g1_0.team_id left join users o1_0 on o1_0.id=t1_0.owner_id where g1_0.id=?
2024-10-03T09:26:29.842+02:00 DEBUG 28292 --- [statsApp] [http-nio-8080-exec-7] org.hibernate.SQL                        : select u1_0.id,u1_0.email,u1_0.enabled,u1_0.password,u1_0.role,u1_0.username from users u1_0 where u1_0.username=? or u1_0.email=?
2024-10-03T09:26:29.856+02:00 DEBUG 28292 --- [statsApp] [http-nio-8080-exec-7] org.hibernate.SQL                        : select g1_0.id,g1_0.current_period,g1_0.date,g1_0.opponent,g1_0.period_length,g1_0.periods,t1_0.id,t1_0.name,o1_0.id,o1_0.email,o1_0.enabled,o1_0.password,o1_0.role,o1_0.username,g1_0.time,g1_0.venue from game g1_0 left join team t1_0 on t1_0.id=g1_0.team_id left join users o1_0 on o1_0.id=t1_0.owner_id where g1_0.id=?
2024-10-03T09:26:29.872+02:00 DEBUG 28292 --- [statsApp] [http-nio-8080-exec-7] org.hibernate.SQL                        : select r1_0.id,r1_0.active_gk,r1_0.game_id,r1_0.game_number,r1_0.line,r1_0.player_id from roster r1_0 where r1_0.game_id=? order by r1_0.game_number
2024-10-03T09:26:29.872+02:00 DEBUG 28292 --- [statsApp] [http-nio-8080-exec-7] org.hibernate.SQL                        : select p1_0.id,p1_0.name,p1_0.number,p1_0.position,p1_0.surname,t1_0.id,t1_0.name,o1_0.id,o1_0.email,o1_0.enabled,o1_0.password,o1_0.role,o1_0.username from player p1_0 left join team t1_0 on t1_0.id=p1_0.team_id left join users o1_0 on o1_0.id=t1_0.owner_id where p1_0.id=?
2024-10-03T09:26:29.872+02:00 DEBUG 28292 --- [statsApp] [http-nio-8080-exec-7] org.hibernate.SQL                        : select p1_0.id,p1_0.name,p1_0.number,p1_0.position,p1_0.surname,t1_0.id,t1_0.name,o1_0.id,o1_0.email,o1_0.enabled,o1_0.password,o1_0.role,o1_0.username from player p1_0 left join team t1_0 on t1_0.id=p1_0.team_id left join users o1_0 on o1_0.id=t1_0.owner_id where p1_0.id=?
2024-10-03T09:26:29.872+02:00 DEBUG 28292 --- [statsApp] [http-nio-8080-exec-7] org.hibernate.SQL                        : select p1_0.id,p1_0.name,p1_0.number,p1_0.position,p1_0.surname,t1_0.id,t1_0.name,o1_0.id,o1_0.email,o1_0.enabled,o1_0.password,o1_0.role,o1_0.username from player p1_0 left join team t1_0 on t1_0.id=p1_0.team_id left join users o1_0 on o1_0.id=t1_0.owner_id where p1_0.id=?
2024-10-03T09:26:29.872+02:00 DEBUG 28292 --- [statsApp] [http-nio-8080-exec-7] org.hibernate.SQL                        : select p1_0.id,p1_0.name,p1_0.number,p1_0.position,p1_0.surname,t1_0.id,t1_0.name,o1_0.id,o1_0.email,o1_0.enabled,o1_0.password,o1_0.role,o1_0.username from player p1_0 left join team t1_0 on t1_0.id=p1_0.team_id left join users o1_0 on o1_0.id=t1_0.owner_id where p1_0.id=?
2024-10-03T09:26:29.887+02:00 DEBUG 28292 --- [statsApp] [http-nio-8080-exec-7] org.hibernate.SQL                        : select p1_0.id,p1_0.name,p1_0.number,p1_0.position,p1_0.surname,t1_0.id,t1_0.name,o1_0.id,o1_0.email,o1_0.enabled,o1_0.password,o1_0.role,o1_0.username from player p1_0 left join team t1_0 on t1_0.id=p1_0.team_id left join users o1_0 on o1_0.id=t1_0.owner_id where p1_0.id=?
2024-10-03T09:26:29.887+02:00 DEBUG 28292 --- [statsApp] [http-nio-8080-exec-7] org.hibernate.SQL                        : select p1_0.id,p1_0.name,p1_0.number,p1_0.position,p1_0.surname,t1_0.id,t1_0.name,o1_0.id,o1_0.email,o1_0.enabled,o1_0.password,o1_0.role,o1_0.username from player p1_0 left join team t1_0 on t1_0.id=p1_0.team_id left join users o1_0 on o1_0.id=t1_0.owner_id where p1_0.id=?
2024-10-03T09:26:29.887+02:00 DEBUG 28292 --- [statsApp] [http-nio-8080-exec-7] org.hibernate.SQL                        : select p1_0.id,p1_0.name,p1_0.number,p1_0.position,p1_0.surname,t1_0.id,t1_0.name,o1_0.id,o1_0.email,o1_0.enabled,o1_0.password,o1_0.role,o1_0.username from player p1_0 left join team t1_0 on t1_0.id=p1_0.team_id left join users o1_0 on o1_0.id=t1_0.owner_id where p1_0.id=?
2024-10-03T09:26:29.887+02:00 DEBUG 28292 --- [statsApp] [http-nio-8080-exec-7] org.hibernate.SQL                        : select p1_0.id,p1_0.name,p1_0.number,p1_0.position,p1_0.surname,t1_0.id,t1_0.name,o1_0.id,o1_0.email,o1_0.enabled,o1_0.password,o1_0.role,o1_0.username from player p1_0 left join team t1_0 on t1_0.id=p1_0.team_id left join users o1_0 on o1_0.id=t1_0.owner_id where p1_0.id=?
2024-10-03T09:26:29.887+02:00 DEBUG 28292 --- [statsApp] [http-nio-8080-exec-7] org.hibernate.SQL                        : select p1_0.id,p1_0.name,p1_0.number,p1_0.position,p1_0.surname,t1_0.id,t1_0.name,o1_0.id,o1_0.email,o1_0.enabled,o1_0.password,o1_0.role,o1_0.username from player p1_0 left join team t1_0 on t1_0.id=p1_0.team_id left join users o1_0 on o1_0.id=t1_0.owner_id where p1_0.id=?
2024-10-03T09:26:29.903+02:00 DEBUG 28292 --- [statsApp] [http-nio-8080-exec-7] org.hibernate.SQL                        : select p1_0.id,p1_0.name,p1_0.number,p1_0.position,p1_0.surname,t1_0.id,t1_0.name,o1_0.id,o1_0.email,o1_0.enabled,o1_0.password,o1_0.role,o1_0.username from player p1_0 left join team t1_0 on t1_0.id=p1_0.team_id left join users o1_0 on o1_0.id=t1_0.owner_id where p1_0.id=?
2024-10-03T09:26:29.903+02:00 DEBUG 28292 --- [statsApp] [http-nio-8080-exec-7] org.hibernate.SQL                        : select p1_0.id,p1_0.name,p1_0.number,p1_0.position,p1_0.surname,t1_0.id,t1_0.name,o1_0.id,o1_0.email,o1_0.enabled,o1_0.password,o1_0.role,o1_0.username from player p1_0 left join team t1_0 on t1_0.id=p1_0.team_id left join users o1_0 on o1_0.id=t1_0.owner_id where p1_0.id=?
2024-10-03T09:26:29.903+02:00 DEBUG 28292 --- [statsApp] [http-nio-8080-exec-7] org.hibernate.SQL                        : select p1_0.id,p1_0.name,p1_0.number,p1_0.position,p1_0.surname,t1_0.id,t1_0.name,o1_0.id,o1_0.email,o1_0.enabled,o1_0.password,o1_0.role,o1_0.username from player p1_0 left join team t1_0 on t1_0.id=p1_0.team_id left join users o1_0 on o1_0.id=t1_0.owner_id where p1_0.id=?
2024-10-03T09:26:29.903+02:00 DEBUG 28292 --- [statsApp] [http-nio-8080-exec-7] org.hibernate.SQL                        : select p1_0.id,p1_0.name,p1_0.number,p1_0.position,p1_0.surname,t1_0.id,t1_0.name,o1_0.id,o1_0.email,o1_0.enabled,o1_0.password,o1_0.role,o1_0.username from player p1_0 left join team t1_0 on t1_0.id=p1_0.team_id left join users o1_0 on o1_0.id=t1_0.owner_id where p1_0.id=?
2024-10-03T09:26:29.903+02:00 DEBUG 28292 --- [statsApp] [http-nio-8080-exec-7] org.hibernate.SQL                        : select p1_0.id,p1_0.name,p1_0.number,p1_0.position,p1_0.surname,t1_0.id,t1_0.name,o1_0.id,o1_0.email,o1_0.enabled,o1_0.password,o1_0.role,o1_0.username from player p1_0 left join team t1_0 on t1_0.id=p1_0.team_id left join users o1_0 on o1_0.id=t1_0.owner_id where p1_0.id=?
2024-10-03T09:26:29.903+02:00 DEBUG 28292 --- [statsApp] [http-nio-8080-exec-7] org.hibernate.SQL                        : select p1_0.id,p1_0.name,p1_0.number,p1_0.position,p1_0.surname,t1_0.id,t1_0.name,o1_0.id,o1_0.email,o1_0.enabled,o1_0.password,o1_0.role,o1_0.username from player p1_0 left join team t1_0 on t1_0.id=p1_0.team_id left join users o1_0 on o1_0.id=t1_0.owner_id where p1_0.id=?
2024-10-03T09:26:29.918+02:00 DEBUG 28292 --- [statsApp] [http-nio-8080-exec-7] org.hibernate.SQL                        : select p1_0.id,p1_0.name,p1_0.number,p1_0.position,p1_0.surname,t1_0.id,t1_0.name,o1_0.id,o1_0.email,o1_0.enabled,o1_0.password,o1_0.role,o1_0.username from player p1_0 left join team t1_0 on t1_0.id=p1_0.team_id left join users o1_0 on o1_0.id=t1_0.owner_id where p1_0.id=?
2024-10-03T09:26:29.919+02:00 DEBUG 28292 --- [statsApp] [http-nio-8080-exec-7] org.hibernate.SQL                        : select p1_0.id,p1_0.name,p1_0.number,p1_0.position,p1_0.surname,t1_0.id,t1_0.name,o1_0.id,o1_0.email,o1_0.enabled,o1_0.password,o1_0.role,o1_0.username from player p1_0 left join team t1_0 on t1_0.id=p1_0.team_id left join users o1_0 on o1_0.id=t1_0.owner_id where p1_0.id=?
2024-10-03T09:26:29.919+02:00 DEBUG 28292 --- [statsApp] [http-nio-8080-exec-7] org.hibernate.SQL                        : select p1_0.id,p1_0.name,p1_0.number,p1_0.position,p1_0.surname,t1_0.id,t1_0.name,o1_0.id,o1_0.email,o1_0.enabled,o1_0.password,o1_0.role,o1_0.username from player p1_0 left join team t1_0 on t1_0.id=p1_0.team_id left join users o1_0 on o1_0.id=t1_0.owner_id where p1_0.id=?
2024-10-03T09:26:29.919+02:00 DEBUG 28292 --- [statsApp] [http-nio-8080-exec-7] org.hibernate.SQL                        : select p1_0.id,p1_0.name,p1_0.number,p1_0.position,p1_0.surname,t1_0.id,t1_0.name,o1_0.id,o1_0.email,o1_0.enabled,o1_0.password,o1_0.role,o1_0.username from player p1_0 left join team t1_0 on t1_0.id=p1_0.team_id left join users o1_0 on o1_0.id=t1_0.owner_id where p1_0.id=?
2024-10-03T09:26:29.919+02:00 DEBUG 28292 --- [statsApp] [http-nio-8080-exec-7] org.hibernate.SQL                        : select p1_0.id,p1_0.name,p1_0.number,p1_0.position,p1_0.surname,t1_0.id,t1_0.name,o1_0.id,o1_0.email,o1_0.enabled,o1_0.password,o1_0.role,o1_0.username from player p1_0 left join team t1_0 on t1_0.id=p1_0.team_id left join users o1_0 on o1_0.id=t1_0.owner_id where p1_0.id=?
2024-10-03T09:26:29.934+02:00 DEBUG 28292 --- [statsApp] [http-nio-8080-exec-7] org.hibernate.SQL                        : select p1_0.id,p1_0.name,p1_0.number,p1_0.position,p1_0.surname,p1_0.team_id from player p1_0 where p1_0.team_id=? and p1_0.id not in (select r1_0.player_id from roster r1_0 where r1_0.game_id=?)
2024-10-03T09:26:35.497+02:00 DEBUG 28292 --- [statsApp] [http-nio-8080-exec-1] org.hibernate.SQL                        : select g1_0.id,g1_0.current_period,g1_0.date,g1_0.opponent,g1_0.period_length,g1_0.periods,t1_0.id,t1_0.name,o1_0.id,o1_0.email,o1_0.enabled,o1_0.password,o1_0.role,o1_0.username,g1_0.time,g1_0.venue from game g1_0 left join team t1_0 on t1_0.id=g1_0.team_id left join users o1_0 on o1_0.id=t1_0.owner_id where g1_0.id=?
2024-10-03T09:26:35.794+02:00 DEBUG 28292 --- [statsApp] [http-nio-8080-exec-4] org.hibernate.SQL                        : select u1_0.id,u1_0.email,u1_0.enabled,u1_0.password,u1_0.role,u1_0.username from users u1_0 where u1_0.username=? or u1_0.email=?
2024-10-03T09:26:35.794+02:00 DEBUG 28292 --- [statsApp] [http-nio-8080-exec-4] org.hibernate.SQL                        : select g1_0.id,g1_0.current_period,g1_0.date,g1_0.opponent,g1_0.period_length,g1_0.periods,t1_0.id,t1_0.name,o1_0.id,o1_0.email,o1_0.enabled,o1_0.password,o1_0.role,o1_0.username,g1_0.time,g1_0.venue from game g1_0 left join team t1_0 on t1_0.id=g1_0.team_id left join users o1_0 on o1_0.id=t1_0.owner_id where g1_0.id=?
2024-10-03T09:26:35.809+02:00 DEBUG 28292 --- [statsApp] [http-nio-8080-exec-4] org.hibernate.SQL                        : select r1_0.id,r1_0.active_gk,r1_0.game_id,r1_0.game_number,r1_0.line,r1_0.player_id from roster r1_0 where r1_0.game_id=? order by r1_0.game_number
2024-10-03T09:26:35.809+02:00 DEBUG 28292 --- [statsApp] [http-nio-8080-exec-4] org.hibernate.SQL                        : select p1_0.id,p1_0.name,p1_0.number,p1_0.position,p1_0.surname,t1_0.id,t1_0.name,o1_0.id,o1_0.email,o1_0.enabled,o1_0.password,o1_0.role,o1_0.username from player p1_0 left join team t1_0 on t1_0.id=p1_0.team_id left join users o1_0 on o1_0.id=t1_0.owner_id where p1_0.id=?
2024-10-03T09:26:35.809+02:00 DEBUG 28292 --- [statsApp] [http-nio-8080-exec-4] org.hibernate.SQL                        : select p1_0.id,p1_0.name,p1_0.number,p1_0.position,p1_0.surname,t1_0.id,t1_0.name,o1_0.id,o1_0.email,o1_0.enabled,o1_0.password,o1_0.role,o1_0.username from player p1_0 left join team t1_0 on t1_0.id=p1_0.team_id left join users o1_0 on o1_0.id=t1_0.owner_id where p1_0.id=?
2024-10-03T09:26:35.825+02:00 DEBUG 28292 --- [statsApp] [http-nio-8080-exec-4] org.hibernate.SQL                        : select p1_0.id,p1_0.name,p1_0.number,p1_0.position,p1_0.surname,t1_0.id,t1_0.name,o1_0.id,o1_0.email,o1_0.enabled,o1_0.password,o1_0.role,o1_0.username from player p1_0 left join team t1_0 on t1_0.id=p1_0.team_id left join users o1_0 on o1_0.id=t1_0.owner_id where p1_0.id=?
2024-10-03T09:26:35.825+02:00 DEBUG 28292 --- [statsApp] [http-nio-8080-exec-4] org.hibernate.SQL                        : select p1_0.id,p1_0.name,p1_0.number,p1_0.position,p1_0.surname,t1_0.id,t1_0.name,o1_0.id,o1_0.email,o1_0.enabled,o1_0.password,o1_0.role,o1_0.username from player p1_0 left join team t1_0 on t1_0.id=p1_0.team_id left join users o1_0 on o1_0.id=t1_0.owner_id where p1_0.id=?
2024-10-03T09:26:35.825+02:00 DEBUG 28292 --- [statsApp] [http-nio-8080-exec-4] org.hibernate.SQL                        : select p1_0.id,p1_0.name,p1_0.number,p1_0.position,p1_0.surname,t1_0.id,t1_0.name,o1_0.id,o1_0.email,o1_0.enabled,o1_0.password,o1_0.role,o1_0.username from player p1_0 left join team t1_0 on t1_0.id=p1_0.team_id left join users o1_0 on o1_0.id=t1_0.owner_id where p1_0.id=?
2024-10-03T09:26:35.825+02:00 DEBUG 28292 --- [statsApp] [http-nio-8080-exec-4] org.hibernate.SQL                        : select p1_0.id,p1_0.name,p1_0.number,p1_0.position,p1_0.surname,t1_0.id,t1_0.name,o1_0.id,o1_0.email,o1_0.enabled,o1_0.password,o1_0.role,o1_0.username from player p1_0 left join team t1_0 on t1_0.id=p1_0.team_id left join users o1_0 on o1_0.id=t1_0.owner_id where p1_0.id=?
2024-10-03T09:26:35.825+02:00 DEBUG 28292 --- [statsApp] [http-nio-8080-exec-4] org.hibernate.SQL                        : select p1_0.id,p1_0.name,p1_0.number,p1_0.position,p1_0.surname,t1_0.id,t1_0.name,o1_0.id,o1_0.email,o1_0.enabled,o1_0.password,o1_0.role,o1_0.username from player p1_0 left join team t1_0 on t1_0.id=p1_0.team_id left join users o1_0 on o1_0.id=t1_0.owner_id where p1_0.id=?
2024-10-03T09:26:35.825+02:00 DEBUG 28292 --- [statsApp] [http-nio-8080-exec-4] org.hibernate.SQL                        : select p1_0.id,p1_0.name,p1_0.number,p1_0.position,p1_0.surname,t1_0.id,t1_0.name,o1_0.id,o1_0.email,o1_0.enabled,o1_0.password,o1_0.role,o1_0.username from player p1_0 left join team t1_0 on t1_0.id=p1_0.team_id left join users o1_0 on o1_0.id=t1_0.owner_id where p1_0.id=?
2024-10-03T09:26:35.825+02:00 DEBUG 28292 --- [statsApp] [http-nio-8080-exec-4] org.hibernate.SQL                        : select p1_0.id,p1_0.name,p1_0.number,p1_0.position,p1_0.surname,t1_0.id,t1_0.name,o1_0.id,o1_0.email,o1_0.enabled,o1_0.password,o1_0.role,o1_0.username from player p1_0 left join team t1_0 on t1_0.id=p1_0.team_id left join users o1_0 on o1_0.id=t1_0.owner_id where p1_0.id=?
2024-10-03T09:26:35.841+02:00 DEBUG 28292 --- [statsApp] [http-nio-8080-exec-4] org.hibernate.SQL                        : select p1_0.id,p1_0.name,p1_0.number,p1_0.position,p1_0.surname,t1_0.id,t1_0.name,o1_0.id,o1_0.email,o1_0.enabled,o1_0.password,o1_0.role,o1_0.username from player p1_0 left join team t1_0 on t1_0.id=p1_0.team_id left join users o1_0 on o1_0.id=t1_0.owner_id where p1_0.id=?
2024-10-03T09:26:35.841+02:00 DEBUG 28292 --- [statsApp] [http-nio-8080-exec-4] org.hibernate.SQL                        : select p1_0.id,p1_0.name,p1_0.number,p1_0.position,p1_0.surname,t1_0.id,t1_0.name,o1_0.id,o1_0.email,o1_0.enabled,o1_0.password,o1_0.role,o1_0.username from player p1_0 left join team t1_0 on t1_0.id=p1_0.team_id left join users o1_0 on o1_0.id=t1_0.owner_id where p1_0.id=?
2024-10-03T09:26:35.841+02:00 DEBUG 28292 --- [statsApp] [http-nio-8080-exec-4] org.hibernate.SQL                        : select p1_0.id,p1_0.name,p1_0.number,p1_0.position,p1_0.surname,t1_0.id,t1_0.name,o1_0.id,o1_0.email,o1_0.enabled,o1_0.password,o1_0.role,o1_0.username from player p1_0 left join team t1_0 on t1_0.id=p1_0.team_id left join users o1_0 on o1_0.id=t1_0.owner_id where p1_0.id=?
2024-10-03T09:26:35.841+02:00 DEBUG 28292 --- [statsApp] [http-nio-8080-exec-4] org.hibernate.SQL                        : select p1_0.id,p1_0.name,p1_0.number,p1_0.position,p1_0.surname,t1_0.id,t1_0.name,o1_0.id,o1_0.email,o1_0.enabled,o1_0.password,o1_0.role,o1_0.username from player p1_0 left join team t1_0 on t1_0.id=p1_0.team_id left join users o1_0 on o1_0.id=t1_0.owner_id where p1_0.id=?
2024-10-03T09:26:35.841+02:00 DEBUG 28292 --- [statsApp] [http-nio-8080-exec-4] org.hibernate.SQL                        : select p1_0.id,p1_0.name,p1_0.number,p1_0.position,p1_0.surname,t1_0.id,t1_0.name,o1_0.id,o1_0.email,o1_0.enabled,o1_0.password,o1_0.role,o1_0.username from player p1_0 left join team t1_0 on t1_0.id=p1_0.team_id left join users o1_0 on o1_0.id=t1_0.owner_id where p1_0.id=?
2024-10-03T09:26:35.841+02:00 DEBUG 28292 --- [statsApp] [http-nio-8080-exec-4] org.hibernate.SQL                        : select p1_0.id,p1_0.name,p1_0.number,p1_0.position,p1_0.surname,t1_0.id,t1_0.name,o1_0.id,o1_0.email,o1_0.enabled,o1_0.password,o1_0.role,o1_0.username from player p1_0 left join team t1_0 on t1_0.id=p1_0.team_id left join users o1_0 on o1_0.id=t1_0.owner_id where p1_0.id=?
2024-10-03T09:26:35.841+02:00 DEBUG 28292 --- [statsApp] [http-nio-8080-exec-4] org.hibernate.SQL                        : select p1_0.id,p1_0.name,p1_0.number,p1_0.position,p1_0.surname,t1_0.id,t1_0.name,o1_0.id,o1_0.email,o1_0.enabled,o1_0.password,o1_0.role,o1_0.username from player p1_0 left join team t1_0 on t1_0.id=p1_0.team_id left join users o1_0 on o1_0.id=t1_0.owner_id where p1_0.id=?
2024-10-03T09:26:35.856+02:00 DEBUG 28292 --- [statsApp] [http-nio-8080-exec-4] org.hibernate.SQL                        : select p1_0.id,p1_0.name,p1_0.number,p1_0.position,p1_0.surname,t1_0.id,t1_0.name,o1_0.id,o1_0.email,o1_0.enabled,o1_0.password,o1_0.role,o1_0.username from player p1_0 left join team t1_0 on t1_0.id=p1_0.team_id left join users o1_0 on o1_0.id=t1_0.owner_id where p1_0.id=?
2024-10-03T09:26:35.856+02:00 DEBUG 28292 --- [statsApp] [http-nio-8080-exec-4] org.hibernate.SQL                        : select p1_0.id,p1_0.name,p1_0.number,p1_0.position,p1_0.surname,t1_0.id,t1_0.name,o1_0.id,o1_0.email,o1_0.enabled,o1_0.password,o1_0.role,o1_0.username from player p1_0 left join team t1_0 on t1_0.id=p1_0.team_id left join users o1_0 on o1_0.id=t1_0.owner_id where p1_0.id=?
2024-10-03T09:26:35.856+02:00 DEBUG 28292 --- [statsApp] [http-nio-8080-exec-4] org.hibernate.SQL                        : select p1_0.id,p1_0.name,p1_0.number,p1_0.position,p1_0.surname,t1_0.id,t1_0.name,o1_0.id,o1_0.email,o1_0.enabled,o1_0.password,o1_0.role,o1_0.username from player p1_0 left join team t1_0 on t1_0.id=p1_0.team_id left join users o1_0 on o1_0.id=t1_0.owner_id where p1_0.id=?
2024-10-03T09:26:35.856+02:00 DEBUG 28292 --- [statsApp] [http-nio-8080-exec-4] org.hibernate.SQL                        : select p1_0.id,p1_0.name,p1_0.number,p1_0.position,p1_0.surname,t1_0.id,t1_0.name,o1_0.id,o1_0.email,o1_0.enabled,o1_0.password,o1_0.role,o1_0.username from player p1_0 left join team t1_0 on t1_0.id=p1_0.team_id left join users o1_0 on o1_0.id=t1_0.owner_id where p1_0.id=?
2024-10-03T09:26:35.856+02:00 DEBUG 28292 --- [statsApp] [http-nio-8080-exec-4] org.hibernate.SQL                        : select p1_0.id,p1_0.name,p1_0.number,p1_0.position,p1_0.surname,p1_0.team_id from player p1_0 where p1_0.team_id=? and p1_0.id not in (select r1_0.player_id from roster r1_0 where r1_0.game_id=?)
2024-10-03T09:26:35.887+02:00 DEBUG 28292 --- [statsApp] [http-nio-8080-exec-3] org.hibernate.SQL                        : select u1_0.id,u1_0.email,u1_0.enabled,u1_0.password,u1_0.role,u1_0.username from users u1_0 where u1_0.username=? or u1_0.email=?
2024-10-03T09:26:35.887+02:00 DEBUG 28292 --- [statsApp] [http-nio-8080-exec-3] org.hibernate.SQL                        : select g1_0.id,g1_0.current_period,g1_0.date,g1_0.opponent,g1_0.period_length,g1_0.periods,t1_0.id,t1_0.name,o1_0.id,o1_0.email,o1_0.enabled,o1_0.password,o1_0.role,o1_0.username,g1_0.time,g1_0.venue from game g1_0 left join team t1_0 on t1_0.id=g1_0.team_id left join users o1_0 on o1_0.id=t1_0.owner_id where g1_0.id=?
2024-10-03T09:26:35.903+02:00 DEBUG 28292 --- [statsApp] [http-nio-8080-exec-3] org.hibernate.SQL                        : select s1_0.id,s1_0.game_id,s1_0.period,s1_0.shots from shot s1_0 where s1_0.game_id=? and s1_0.period=?
2024-10-03T09:26:35.919+02:00 DEBUG 28292 --- [statsApp] [http-nio-8080-exec-3] org.hibernate.SQL                        : select e1_0.id,e1_0.dtype,e1_0.game_id,e1_0.time,e1_1.in_goal_id,e1_1.situation,e1_2.scorer_id,e1_2.situation,e1_3.minutes,e1_4.minutes,e1_4.player_id,e1_4.reason from event e1_0 left join goal_conceded e1_1 on e1_0.id=e1_1.id left join goal_scored e1_2 on e1_0.id=e1_2.id left join opponent_penalty e1_3 on e1_0.id=e1_3.id left join penalty e1_4 on e1_0.id=e1_4.id where e1_0.game_id=? order by e1_0.time
2024-10-03T09:26:35.950+02:00 DEBUG 28292 --- [statsApp] [http-nio-8080-exec-3] org.hibernate.SQL                        : select r1_0.id,r1_0.active_gk,g1_0.id,g1_0.current_period,g1_0.date,g1_0.opponent,g1_0.period_length,g1_0.periods,t1_0.id,t1_0.name,t1_0.owner_id,g1_0.time,g1_0.venue,r1_0.game_number,r1_0.line,p1_0.id,p1_0.name,p1_0.number,p1_0.position,p1_0.surname,t2_0.id,t2_0.name,t2_0.owner_id from roster r1_0 left join game g1_0 on g1_0.id=r1_0.game_id left join team t1_0 on t1_0.id=g1_0.team_id left join player p1_0 on p1_0.id=r1_0.player_id left join team t2_0 on t2_0.id=p1_0.team_id where r1_0.id=?
2024-10-03T09:26:35.950+02:00 DEBUG 28292 --- [statsApp] [http-nio-8080-exec-3] org.hibernate.SQL                        : select r1_0.id,r1_0.active_gk,g1_0.id,g1_0.current_period,g1_0.date,g1_0.opponent,g1_0.period_length,g1_0.periods,t1_0.id,t1_0.name,t1_0.owner_id,g1_0.time,g1_0.venue,r1_0.game_number,r1_0.line,p1_0.id,p1_0.name,p1_0.number,p1_0.position,p1_0.surname,t2_0.id,t2_0.name,t2_0.owner_id from roster r1_0 left join game g1_0 on g1_0.id=r1_0.game_id left join team t1_0 on t1_0.id=g1_0.team_id left join player p1_0 on p1_0.id=r1_0.player_id left join team t2_0 on t2_0.id=p1_0.team_id where r1_0.id=?
2024-10-03T09:26:35.950+02:00 DEBUG 28292 --- [statsApp] [http-nio-8080-exec-3] org.hibernate.SQL                        : select r1_0.id,r1_0.active_gk,g1_0.id,g1_0.current_period,g1_0.date,g1_0.opponent,g1_0.period_length,g1_0.periods,t1_0.id,t1_0.name,t1_0.owner_id,g1_0.time,g1_0.venue,r1_0.game_number,r1_0.line,p1_0.id,p1_0.name,p1_0.number,p1_0.position,p1_0.surname,t2_0.id,t2_0.name,t2_0.owner_id from roster r1_0 left join game g1_0 on g1_0.id=r1_0.game_id left join team t1_0 on t1_0.id=g1_0.team_id left join player p1_0 on p1_0.id=r1_0.player_id left join team t2_0 on t2_0.id=p1_0.team_id where r1_0.id=?
2024-10-03T09:26:35.966+02:00 DEBUG 28292 --- [statsApp] [http-nio-8080-exec-3] org.hibernate.SQL                        : select r1_0.id,r1_0.active_gk,g1_0.id,g1_0.current_period,g1_0.date,g1_0.opponent,g1_0.period_length,g1_0.periods,t1_0.id,t1_0.name,t1_0.owner_id,g1_0.time,g1_0.venue,r1_0.game_number,r1_0.line,p1_0.id,p1_0.name,p1_0.number,p1_0.position,p1_0.surname,t2_0.id,t2_0.name,t2_0.owner_id from roster r1_0 left join game g1_0 on g1_0.id=r1_0.game_id left join team t1_0 on t1_0.id=g1_0.team_id left join player p1_0 on p1_0.id=r1_0.player_id left join team t2_0 on t2_0.id=p1_0.team_id where r1_0.id=?
2024-10-03T09:26:35.966+02:00 DEBUG 28292 --- [statsApp] [http-nio-8080-exec-3] org.hibernate.SQL                        : select r1_0.id,r1_0.active_gk,g1_0.id,g1_0.current_period,g1_0.date,g1_0.opponent,g1_0.period_length,g1_0.periods,t1_0.id,t1_0.name,t1_0.owner_id,g1_0.time,g1_0.venue,r1_0.game_number,r1_0.line,p1_0.id,p1_0.name,p1_0.number,p1_0.position,p1_0.surname,t2_0.id,t2_0.name,t2_0.owner_id from roster r1_0 left join game g1_0 on g1_0.id=r1_0.game_id left join team t1_0 on t1_0.id=g1_0.team_id left join player p1_0 on p1_0.id=r1_0.player_id left join team t2_0 on t2_0.id=p1_0.team_id where r1_0.id=?
2024-10-03T09:26:35.966+02:00 DEBUG 28292 --- [statsApp] [http-nio-8080-exec-3] org.hibernate.SQL                        : select r1_0.id,r1_0.active_gk,g1_0.id,g1_0.current_period,g1_0.date,g1_0.opponent,g1_0.period_length,g1_0.periods,t1_0.id,t1_0.name,t1_0.owner_id,g1_0.time,g1_0.venue,r1_0.game_number,r1_0.line,p1_0.id,p1_0.name,p1_0.number,p1_0.position,p1_0.surname,t2_0.id,t2_0.name,t2_0.owner_id from roster r1_0 left join game g1_0 on g1_0.id=r1_0.game_id left join team t1_0 on t1_0.id=g1_0.team_id left join player p1_0 on p1_0.id=r1_0.player_id left join team t2_0 on t2_0.id=p1_0.team_id where r1_0.id=?
2024-10-03T09:26:35.981+02:00 DEBUG 28292 --- [statsApp] [http-nio-8080-exec-3] org.hibernate.SQL                        : select a1_0.goal_id,a1_1.id,a1_1.active_gk,g1_0.id,g1_0.current_period,g1_0.date,g1_0.opponent,g1_0.period_length,g1_0.periods,t1_0.id,t1_0.name,t1_0.owner_id,g1_0.time,g1_0.venue,a1_1.game_number,a1_1.line,p1_0.id,p1_0.name,p1_0.number,p1_0.position,p1_0.surname,t2_0.id,t2_0.name,t2_0.owner_id from goal_assists a1_0 join roster a1_1 on a1_1.id=a1_0.roster_id left join game g1_0 on g1_0.id=a1_1.game_id left join team t1_0 on t1_0.id=g1_0.team_id left join player p1_0 on p1_0.id=a1_1.player_id left join team t2_0 on t2_0.id=p1_0.team_id where a1_0.goal_id=?
2024-10-03T09:26:35.981+02:00 DEBUG 28292 --- [statsApp] [http-nio-8080-exec-3] org.hibernate.SQL                        : select oi1_0.goal_id,oi1_1.id,oi1_1.active_gk,g1_0.id,g1_0.current_period,g1_0.date,g1_0.opponent,g1_0.period_length,g1_0.periods,t1_0.id,t1_0.name,t1_0.owner_id,g1_0.time,g1_0.venue,oi1_1.game_number,oi1_1.line,p1_0.id,p1_0.name,p1_0.number,p1_0.position,p1_0.surname,t2_0.id,t2_0.name,t2_0.owner_id from goal_on_ice oi1_0 join roster oi1_1 on oi1_1.id=oi1_0.roster_id left join game g1_0 on g1_0.id=oi1_1.game_id left join team t1_0 on t1_0.id=g1_0.team_id left join player p1_0 on p1_0.id=oi1_1.player_id left join team t2_0 on t2_0.id=p1_0.team_id where oi1_0.goal_id=?
2024-10-03T09:26:35.997+02:00 DEBUG 28292 --- [statsApp] [http-nio-8080-exec-3] org.hibernate.SQL                        : select oi1_0.goal_conceded_id,oi1_1.id,oi1_1.active_gk,g1_0.id,g1_0.current_period,g1_0.date,g1_0.opponent,g1_0.period_length,g1_0.periods,t1_0.id,t1_0.name,t1_0.owner_id,g1_0.time,g1_0.venue,oi1_1.game_number,oi1_1.line,p1_0.id,p1_0.name,p1_0.number,p1_0.position,p1_0.surname,t2_0.id,t2_0.name,t2_0.owner_id from goal_conceded_on_ice oi1_0 join roster oi1_1 on oi1_1.id=oi1_0.roster_id left join game g1_0 on g1_0.id=oi1_1.game_id left join team t1_0 on t1_0.id=g1_0.team_id left join player p1_0 on p1_0.id=oi1_1.player_id left join team t2_0 on t2_0.id=p1_0.team_id where oi1_0.goal_conceded_id=?
2024-10-03T09:26:35.997+02:00 DEBUG 28292 --- [statsApp] [http-nio-8080-exec-3] org.hibernate.SQL                        : select oi1_0.goal_conceded_id,oi1_1.id,oi1_1.active_gk,g1_0.id,g1_0.current_period,g1_0.date,g1_0.opponent,g1_0.period_length,g1_0.periods,t1_0.id,t1_0.name,t1_0.owner_id,g1_0.time,g1_0.venue,oi1_1.game_number,oi1_1.line,p1_0.id,p1_0.name,p1_0.number,p1_0.position,p1_0.surname,t2_0.id,t2_0.name,t2_0.owner_id from goal_conceded_on_ice oi1_0 join roster oi1_1 on oi1_1.id=oi1_0.roster_id left join game g1_0 on g1_0.id=oi1_1.game_id left join team t1_0 on t1_0.id=g1_0.team_id left join player p1_0 on p1_0.id=oi1_1.player_id left join team t2_0 on t2_0.id=p1_0.team_id where oi1_0.goal_conceded_id=?
2024-10-03T09:26:35.997+02:00 DEBUG 28292 --- [statsApp] [http-nio-8080-exec-3] org.hibernate.SQL                        : select oi1_0.goal_conceded_id,oi1_1.id,oi1_1.active_gk,g1_0.id,g1_0.current_period,g1_0.date,g1_0.opponent,g1_0.period_length,g1_0.periods,t1_0.id,t1_0.name,t1_0.owner_id,g1_0.time,g1_0.venue,oi1_1.game_number,oi1_1.line,p1_0.id,p1_0.name,p1_0.number,p1_0.position,p1_0.surname,t2_0.id,t2_0.name,t2_0.owner_id from goal_conceded_on_ice oi1_0 join roster oi1_1 on oi1_1.id=oi1_0.roster_id left join game g1_0 on g1_0.id=oi1_1.game_id left join team t1_0 on t1_0.id=g1_0.team_id left join player p1_0 on p1_0.id=oi1_1.player_id left join team t2_0 on t2_0.id=p1_0.team_id where oi1_0.goal_conceded_id=?
2024-10-03T09:26:36.012+02:00 DEBUG 28292 --- [statsApp] [http-nio-8080-exec-3] org.hibernate.SQL                        : select a1_0.goal_id,a1_1.id,a1_1.active_gk,g1_0.id,g1_0.current_period,g1_0.date,g1_0.opponent,g1_0.period_length,g1_0.periods,t1_0.id,t1_0.name,t1_0.owner_id,g1_0.time,g1_0.venue,a1_1.game_number,a1_1.line,p1_0.id,p1_0.name,p1_0.number,p1_0.position,p1_0.surname,t2_0.id,t2_0.name,t2_0.owner_id from goal_assists a1_0 join roster a1_1 on a1_1.id=a1_0.roster_id left join game g1_0 on g1_0.id=a1_1.game_id left join team t1_0 on t1_0.id=g1_0.team_id left join player p1_0 on p1_0.id=a1_1.player_id left join team t2_0 on t2_0.id=p1_0.team_id where a1_0.goal_id=?
2024-10-03T09:26:36.012+02:00 DEBUG 28292 --- [statsApp] [http-nio-8080-exec-3] org.hibernate.SQL                        : select oi1_0.goal_id,oi1_1.id,oi1_1.active_gk,g1_0.id,g1_0.current_period,g1_0.date,g1_0.opponent,g1_0.period_length,g1_0.periods,t1_0.id,t1_0.name,t1_0.owner_id,g1_0.time,g1_0.venue,oi1_1.game_number,oi1_1.line,p1_0.id,p1_0.name,p1_0.number,p1_0.position,p1_0.surname,t2_0.id,t2_0.name,t2_0.owner_id from goal_on_ice oi1_0 join roster oi1_1 on oi1_1.id=oi1_0.roster_id left join game g1_0 on g1_0.id=oi1_1.game_id left join team t1_0 on t1_0.id=g1_0.team_id left join player p1_0 on p1_0.id=oi1_1.player_id left join team t2_0 on t2_0.id=p1_0.team_id where oi1_0.goal_id=?
2024-10-03T09:26:36.012+02:00 DEBUG 28292 --- [statsApp] [http-nio-8080-exec-3] org.hibernate.SQL                        : select oi1_0.goal_conceded_id,oi1_1.id,oi1_1.active_gk,g1_0.id,g1_0.current_period,g1_0.date,g1_0.opponent,g1_0.period_length,g1_0.periods,t1_0.id,t1_0.name,t1_0.owner_id,g1_0.time,g1_0.venue,oi1_1.game_number,oi1_1.line,p1_0.id,p1_0.name,p1_0.number,p1_0.position,p1_0.surname,t2_0.id,t2_0.name,t2_0.owner_id from goal_conceded_on_ice oi1_0 join roster oi1_1 on oi1_1.id=oi1_0.roster_id left join game g1_0 on g1_0.id=oi1_1.game_id left join team t1_0 on t1_0.id=g1_0.team_id left join player p1_0 on p1_0.id=oi1_1.player_id left join team t2_0 on t2_0.id=p1_0.team_id where oi1_0.goal_conceded_id=?
2024-10-03T09:26:36.012+02:00 DEBUG 28292 --- [statsApp] [http-nio-8080-exec-3] org.hibernate.SQL                        : select a1_0.goal_id,a1_1.id,a1_1.active_gk,g1_0.id,g1_0.current_period,g1_0.date,g1_0.opponent,g1_0.period_length,g1_0.periods,t1_0.id,t1_0.name,t1_0.owner_id,g1_0.time,g1_0.venue,a1_1.game_number,a1_1.line,p1_0.id,p1_0.name,p1_0.number,p1_0.position,p1_0.surname,t2_0.id,t2_0.name,t2_0.owner_id from goal_assists a1_0 join roster a1_1 on a1_1.id=a1_0.roster_id left join game g1_0 on g1_0.id=a1_1.game_id left join team t1_0 on t1_0.id=g1_0.team_id left join player p1_0 on p1_0.id=a1_1.player_id left join team t2_0 on t2_0.id=p1_0.team_id where a1_0.goal_id=?
2024-10-03T09:26:36.012+02:00 DEBUG 28292 --- [statsApp] [http-nio-8080-exec-3] org.hibernate.SQL                        : select oi1_0.goal_id,oi1_1.id,oi1_1.active_gk,g1_0.id,g1_0.current_period,g1_0.date,g1_0.opponent,g1_0.period_length,g1_0.periods,t1_0.id,t1_0.name,t1_0.owner_id,g1_0.time,g1_0.venue,oi1_1.game_number,oi1_1.line,p1_0.id,p1_0.name,p1_0.number,p1_0.position,p1_0.surname,t2_0.id,t2_0.name,t2_0.owner_id from goal_on_ice oi1_0 join roster oi1_1 on oi1_1.id=oi1_0.roster_id left join game g1_0 on g1_0.id=oi1_1.game_id left join team t1_0 on t1_0.id=g1_0.team_id left join player p1_0 on p1_0.id=oi1_1.player_id left join team t2_0 on t2_0.id=p1_0.team_id where oi1_0.goal_id=?
2024-10-03T09:26:36.028+02:00 DEBUG 28292 --- [statsApp] [http-nio-8080-exec-3] org.hibernate.SQL                        : select oi1_0.goal_conceded_id,oi1_1.id,oi1_1.active_gk,g1_0.id,g1_0.current_period,g1_0.date,g1_0.opponent,g1_0.period_length,g1_0.periods,t1_0.id,t1_0.name,t1_0.owner_id,g1_0.time,g1_0.venue,oi1_1.game_number,oi1_1.line,p1_0.id,p1_0.name,p1_0.number,p1_0.position,p1_0.surname,t2_0.id,t2_0.name,t2_0.owner_id from goal_conceded_on_ice oi1_0 join roster oi1_1 on oi1_1.id=oi1_0.roster_id left join game g1_0 on g1_0.id=oi1_1.game_id left join team t1_0 on t1_0.id=g1_0.team_id left join player p1_0 on p1_0.id=oi1_1.player_id left join team t2_0 on t2_0.id=p1_0.team_id where oi1_0.goal_conceded_id=?
2024-10-03T09:26:36.028+02:00 DEBUG 28292 --- [statsApp] [http-nio-8080-exec-3] org.hibernate.SQL                        : select oi1_0.goal_conceded_id,oi1_1.id,oi1_1.active_gk,g1_0.id,g1_0.current_period,g1_0.date,g1_0.opponent,g1_0.period_length,g1_0.periods,t1_0.id,t1_0.name,t1_0.owner_id,g1_0.time,g1_0.venue,oi1_1.game_number,oi1_1.line,p1_0.id,p1_0.name,p1_0.number,p1_0.position,p1_0.surname,t2_0.id,t2_0.name,t2_0.owner_id from goal_conceded_on_ice oi1_0 join roster oi1_1 on oi1_1.id=oi1_0.roster_id left join game g1_0 on g1_0.id=oi1_1.game_id left join team t1_0 on t1_0.id=g1_0.team_id left join player p1_0 on p1_0.id=oi1_1.player_id left join team t2_0 on t2_0.id=p1_0.team_id where oi1_0.goal_conceded_id=?
2024-10-03T09:26:36.028+02:00 DEBUG 28292 --- [statsApp] [http-nio-8080-exec-3] org.hibernate.SQL                        : select s1_0.id,s1_0.game_id,s1_0.period,s1_0.shots from shot s1_0 where s1_0.game_id=?
2024-10-03T09:26:36.044+02:00 DEBUG 28292 --- [statsApp] [http-nio-8080-exec-3] org.hibernate.SQL                        : select s1_0.id,s1_0.game_id,s1_0.goalkeeper_id,s1_0.period,s1_0.saves from saves s1_0 where s1_0.game_id=?
2024-10-03T09:26:36.059+02:00 DEBUG 28292 --- [statsApp] [http-nio-8080-exec-3] org.hibernate.SQL                        : select cast(? as signed),(select count(distinct gs1_0.id) from goal_scored gs1_0 join event gs1_1 on gs1_0.id=gs1_1.id where gs1_1.game_id=? and gs1_1.time>=? and gs1_1.time<=?),(select count(distinct gc1_0.id) from goal_conceded gc1_0 join event gc1_1 on gc1_0.id=gc1_1.id where gc1_1.game_id=? and gc1_1.time>=? and gc1_1.time<=?) from game g1_0 where g1_0.id=?
2024-10-03T09:26:36.075+02:00 DEBUG 28292 --- [statsApp] [http-nio-8080-exec-3] org.hibernate.SQL                        : select cast(? as signed),(select count(distinct gs1_0.id) from goal_scored gs1_0 join event gs1_1 on gs1_0.id=gs1_1.id where gs1_1.game_id=? and gs1_1.time>=? and gs1_1.time<=?),(select count(distinct gc1_0.id) from goal_conceded gc1_0 join event gc1_1 on gc1_0.id=gc1_1.id where gc1_1.game_id=? and gc1_1.time>=? and gc1_1.time<=?) from game g1_0 where g1_0.id=?
2024-10-03T09:26:36.079+02:00 DEBUG 28292 --- [statsApp] [http-nio-8080-exec-3] org.hibernate.SQL                        : select cast(? as signed),(select count(distinct gs1_0.id) from goal_scored gs1_0 join event gs1_1 on gs1_0.id=gs1_1.id where gs1_1.game_id=? and gs1_1.time>=? and gs1_1.time<=?),(select count(distinct gc1_0.id) from goal_conceded gc1_0 join event gc1_1 on gc1_0.id=gc1_1.id where gc1_1.game_id=? and gc1_1.time>=? and gc1_1.time<=?) from game g1_0 where g1_0.id=?
2024-10-03T09:26:36.079+02:00 DEBUG 28292 --- [statsApp] [http-nio-8080-exec-3] org.hibernate.SQL                        : select cast(? as signed),(select count(distinct gs1_0.id) from goal_scored gs1_0 join event gs1_1 on gs1_0.id=gs1_1.id where gs1_1.game_id=? and gs1_1.time>=? and gs1_1.time<=?),(select count(distinct gc1_0.id) from goal_conceded gc1_0 join event gc1_1 on gc1_0.id=gc1_1.id where gc1_1.game_id=? and gc1_1.time>=? and gc1_1.time<=?) from game g1_0 where g1_0.id=?
2024-10-03T09:26:36.092+02:00 DEBUG 28292 --- [statsApp] [http-nio-8080-exec-3] org.hibernate.SQL                        : select count(gs1_0.id) from goal_scored gs1_0 join event gs1_1 on gs1_0.id=gs1_1.id where gs1_1.game_id=?
2024-10-03T09:26:36.092+02:00 DEBUG 28292 --- [statsApp] [http-nio-8080-exec-3] org.hibernate.SQL                        : select count(gc1_0.id) from goal_conceded gc1_0 join event gc1_1 on gc1_0.id=gc1_1.id where gc1_1.game_id=?
2024-10-03T09:26:36.170+02:00 DEBUG 28292 --- [statsApp] [http-nio-8080-exec-1] org.hibernate.SQL                        : select u1_0.id,u1_0.email,u1_0.enabled,u1_0.password,u1_0.role,u1_0.username from users u1_0 where u1_0.username=? or u1_0.email=?
2024-10-03T09:26:36.186+02:00 DEBUG 28292 --- [statsApp] [http-nio-8080-exec-1] org.hibernate.SQL                        : select g1_0.id,g1_0.current_period,g1_0.date,g1_0.opponent,g1_0.period_length,g1_0.periods,t1_0.id,t1_0.name,o1_0.id,o1_0.email,o1_0.enabled,o1_0.password,o1_0.role,o1_0.username,g1_0.time,g1_0.venue from game g1_0 left join team t1_0 on t1_0.id=g1_0.team_id left join users o1_0 on o1_0.id=t1_0.owner_id where g1_0.id=?
2024-10-03T09:26:36.186+02:00 DEBUG 28292 --- [statsApp] [http-nio-8080-exec-1] org.hibernate.SQL                        : select r1_0.id,r1_0.active_gk,g1_0.id,g1_0.current_period,g1_0.date,g1_0.opponent,g1_0.period_length,g1_0.periods,t1_0.id,t1_0.name,t1_0.owner_id,g1_0.time,g1_0.venue,r1_0.game_number,r1_0.line,p1_0.id,p1_0.name,p1_0.number,p1_0.position,p1_0.surname,t2_0.id,t2_0.name,t2_0.owner_id from roster r1_0 left join game g1_0 on g1_0.id=r1_0.game_id left join team t1_0 on t1_0.id=g1_0.team_id left join player p1_0 on p1_0.id=r1_0.player_id left join team t2_0 on t2_0.id=p1_0.team_id where r1_0.id=?
2024-10-03T09:26:36.201+02:00 DEBUG 28292 --- [statsApp] [http-nio-8080-exec-1] org.hibernate.SQL                        : select s1_0.id,s1_0.game_id,s1_0.goalkeeper_id,s1_0.period,s1_0.saves from saves s1_0 where s1_0.game_id=? and s1_0.goalkeeper_id=? and s1_0.period=?
2024-10-03T09:26:36.201+02:00 DEBUG 28292 --- [statsApp] [http-nio-8080-exec-1] org.hibernate.SQL                        : select s1_0.id,s1_0.game_id,s1_0.goalkeeper_id,s1_0.period,s1_0.saves from saves s1_0 where s1_0.game_id=? and s1_0.goalkeeper_id=? and s1_0.period=?
2024-10-03T09:26:43.929+02:00 DEBUG 28292 --- [statsApp] [http-nio-8080-exec-9] org.hibernate.SQL                        : select u1_0.id,u1_0.email,u1_0.enabled,u1_0.password,u1_0.role,u1_0.username from users u1_0 where u1_0.username=? or u1_0.email=?
2024-10-03T09:26:43.929+02:00 DEBUG 28292 --- [statsApp] [http-nio-8080-exec-9] org.hibernate.SQL                        : select e1_0.id,e1_0.dtype,g1_0.id,g1_0.current_period,g1_0.date,g1_0.opponent,g1_0.period_length,g1_0.periods,t1_0.id,t1_0.name,t1_0.owner_id,g1_0.time,g1_0.venue,e1_0.time,ig1_0.id,ig1_0.active_gk,g2_0.id,g2_0.current_period,g2_0.date,g2_0.opponent,g2_0.period_length,g2_0.periods,g2_0.team_id,g2_0.time,g2_0.venue,ig1_0.game_number,ig1_0.line,p1_0.id,p1_0.name,p1_0.number,p1_0.position,p1_0.surname,p1_0.team_id,e1_1.situation,s1_0.id,s1_0.active_gk,g3_0.id,g3_0.current_period,g3_0.date,g3_0.opponent,g3_0.period_length,g3_0.periods,g3_0.team_id,g3_0.time,g3_0.venue,s1_0.game_number,s1_0.line,p2_0.id,p2_0.name,p2_0.number,p2_0.position,p2_0.surname,p2_0.team_id,e1_2.situation,e1_3.minutes,e1_4.minutes,p3_0.id,p3_0.active_gk,g4_0.id,g4_0.current_period,g4_0.date,g4_0.opponent,g4_0.period_length,g4_0.periods,g4_0.team_id,g4_0.time,g4_0.venue,p3_0.game_number,p3_0.line,p4_0.id,p4_0.name,p4_0.number,p4_0.position,p4_0.surname,p4_0.team_id,e1_4.reason from event e1_0 left join goal_conceded e1_1 on e1_0.id=e1_1.id left join goal_scored e1_2 on e1_0.id=e1_2.id left join opponent_penalty e1_3 on e1_0.id=e1_3.id left join penalty e1_4 on e1_0.id=e1_4.id left join game g1_0 on g1_0.id=e1_0.game_id left join team t1_0 on t1_0.id=g1_0.team_id left join roster ig1_0 on ig1_0.id=e1_1.in_goal_id left join game g2_0 on g2_0.id=ig1_0.game_id left join player p1_0 on p1_0.id=ig1_0.player_id left join roster s1_0 on s1_0.id=e1_2.scorer_id left join game g3_0 on g3_0.id=s1_0.game_id left join player p2_0 on p2_0.id=s1_0.player_id left join roster p3_0 on p3_0.id=e1_4.player_id left join game g4_0 on g4_0.id=p3_0.game_id left join player p4_0 on p4_0.id=p3_0.player_id where e1_0.id=?
2024-10-03T09:26:43.944+02:00 DEBUG 28292 --- [statsApp] [http-nio-8080-exec-9] org.hibernate.SQL                        : select u1_0.id,u1_0.email,u1_0.enabled,u1_0.password,u1_0.role,u1_0.username from users u1_0 where u1_0.id=?
2024-10-03T09:26:43.960+02:00 DEBUG 28292 --- [statsApp] [http-nio-8080-exec-9] org.hibernate.SQL                        : select oi1_0.goal_conceded_id,oi1_1.id,oi1_1.active_gk,g1_0.id,g1_0.current_period,g1_0.date,g1_0.opponent,g1_0.period_length,g1_0.periods,t1_0.id,t1_0.name,t1_0.owner_id,g1_0.time,g1_0.venue,oi1_1.game_number,oi1_1.line,p1_0.id,p1_0.name,p1_0.number,p1_0.position,p1_0.surname,t2_0.id,t2_0.name,t2_0.owner_id from goal_conceded_on_ice oi1_0 join roster oi1_1 on oi1_1.id=oi1_0.roster_id left join game g1_0 on g1_0.id=oi1_1.game_id left join team t1_0 on t1_0.id=g1_0.team_id left join player p1_0 on p1_0.id=oi1_1.player_id left join team t2_0 on t2_0.id=p1_0.team_id where oi1_0.goal_conceded_id=?
2024-10-03T09:26:48.648+02:00 DEBUG 28292 --- [statsApp] [http-nio-8080-exec-8] org.hibernate.SQL                        : select u1_0.id,u1_0.email,u1_0.enabled,u1_0.password,u1_0.role,u1_0.username from users u1_0 where u1_0.username=? or u1_0.email=?
2024-10-03T09:26:48.663+02:00 DEBUG 28292 --- [statsApp] [http-nio-8080-exec-8] org.hibernate.SQL                        : select e1_0.id,e1_0.dtype,g1_0.id,g1_0.current_period,g1_0.date,g1_0.opponent,g1_0.period_length,g1_0.periods,t1_0.id,t1_0.name,t1_0.owner_id,g1_0.time,g1_0.venue,e1_0.time,ig1_0.id,ig1_0.active_gk,g2_0.id,g2_0.current_period,g2_0.date,g2_0.opponent,g2_0.period_length,g2_0.periods,g2_0.team_id,g2_0.time,g2_0.venue,ig1_0.game_number,ig1_0.line,p1_0.id,p1_0.name,p1_0.number,p1_0.position,p1_0.surname,p1_0.team_id,e1_1.situation,s1_0.id,s1_0.active_gk,g3_0.id,g3_0.current_period,g3_0.date,g3_0.opponent,g3_0.period_length,g3_0.periods,g3_0.team_id,g3_0.time,g3_0.venue,s1_0.game_number,s1_0.line,p2_0.id,p2_0.name,p2_0.number,p2_0.position,p2_0.surname,p2_0.team_id,e1_2.situation,e1_3.minutes,e1_4.minutes,p3_0.id,p3_0.active_gk,g4_0.id,g4_0.current_period,g4_0.date,g4_0.opponent,g4_0.period_length,g4_0.periods,g4_0.team_id,g4_0.time,g4_0.venue,p3_0.game_number,p3_0.line,p4_0.id,p4_0.name,p4_0.number,p4_0.position,p4_0.surname,p4_0.team_id,e1_4.reason from event e1_0 left join goal_conceded e1_1 on e1_0.id=e1_1.id left join goal_scored e1_2 on e1_0.id=e1_2.id left join opponent_penalty e1_3 on e1_0.id=e1_3.id left join penalty e1_4 on e1_0.id=e1_4.id left join game g1_0 on g1_0.id=e1_0.game_id left join team t1_0 on t1_0.id=g1_0.team_id left join roster ig1_0 on ig1_0.id=e1_1.in_goal_id left join game g2_0 on g2_0.id=ig1_0.game_id left join player p1_0 on p1_0.id=ig1_0.player_id left join roster s1_0 on s1_0.id=e1_2.scorer_id left join game g3_0 on g3_0.id=s1_0.game_id left join player p2_0 on p2_0.id=s1_0.player_id left join roster p3_0 on p3_0.id=e1_4.player_id left join game g4_0 on g4_0.id=p3_0.game_id left join player p4_0 on p4_0.id=p3_0.player_id where e1_0.id=?
2024-10-03T09:26:48.663+02:00 DEBUG 28292 --- [statsApp] [http-nio-8080-exec-8] org.hibernate.SQL                        : select u1_0.id,u1_0.email,u1_0.enabled,u1_0.password,u1_0.role,u1_0.username from users u1_0 where u1_0.id=?
2024-10-03T09:26:48.663+02:00 DEBUG 28292 --- [statsApp] [http-nio-8080-exec-8] org.hibernate.SQL                        : select oi1_0.goal_conceded_id,oi1_1.id,oi1_1.active_gk,g1_0.id,g1_0.current_period,g1_0.date,g1_0.opponent,g1_0.period_length,g1_0.periods,t1_0.id,t1_0.name,t1_0.owner_id,g1_0.time,g1_0.venue,oi1_1.game_number,oi1_1.line,p1_0.id,p1_0.name,p1_0.number,p1_0.position,p1_0.surname,t2_0.id,t2_0.name,t2_0.owner_id from goal_conceded_on_ice oi1_0 join roster oi1_1 on oi1_1.id=oi1_0.roster_id left join game g1_0 on g1_0.id=oi1_1.game_id left join team t1_0 on t1_0.id=g1_0.team_id left join player p1_0 on p1_0.id=oi1_1.player_id left join team t2_0 on t2_0.id=p1_0.team_id where oi1_0.goal_conceded_id=?
2024-10-03T10:16:40.250+02:00  INFO 28292 --- [statsApp] [File Watcher] rtingClassPathChangeChangedEventListener : Restarting due to 1 class path change (0 additions, 0 deletions, 1 modification)
2024-10-03T10:16:40.278+02:00  INFO 28292 --- [statsApp] [Thread-5] j.LocalContainerEntityManagerFactoryBean : Closing JPA EntityManagerFactory for persistence unit 'default'
2024-10-03T10:16:40.283+02:00  INFO 28292 --- [statsApp] [Thread-5] com.zaxxer.hikari.HikariDataSource       : HikariPool-1 - Shutdown initiated...
2024-10-03T10:16:40.288+02:00  INFO 28292 --- [statsApp] [Thread-5] com.zaxxer.hikari.HikariDataSource       : HikariPool-1 - Shutdown completed.
2024-10-03T10:16:40.439+02:00  INFO 28292 --- [statsApp] [restartedMain] c.landspa.statsapp.StatsAppApplication   : Starting StatsAppApplication using Java 22.0.1 with PID 28292 (C:\Users\landy\IdeaProjects\statsApp\target\classes started by landy in C:\Users\landy\IdeaProjects\statsApp)
2024-10-03T10:16:40.440+02:00  INFO 28292 --- [statsApp] [restartedMain] c.landspa.statsapp.StatsAppApplication   : No active profile set, falling back to 1 default profile: "default"
2024-10-03T10:16:40.837+02:00  INFO 28292 --- [statsApp] [restartedMain] .s.d.r.c.RepositoryConfigurationDelegate : Bootstrapping Spring Data JPA repositories in DEFAULT mode.
2024-10-03T10:16:40.901+02:00  INFO 28292 --- [statsApp] [restartedMain] .s.d.r.c.RepositoryConfigurationDelegate : Finished Spring Data repository scanning in 64 ms. Found 14 JPA repository interfaces.
2024-10-03T10:16:41.130+02:00  INFO 28292 --- [statsApp] [restartedMain] o.s.b.w.embedded.tomcat.TomcatWebServer  : Tomcat initialized with port 8080 (http)
2024-10-03T10:16:41.132+02:00  INFO 28292 --- [statsApp] [restartedMain] o.apache.catalina.core.StandardService   : Starting service [Tomcat]
2024-10-03T10:16:41.132+02:00  INFO 28292 --- [statsApp] [restartedMain] o.apache.catalina.core.StandardEngine    : Starting Servlet engine: [Apache Tomcat/10.1.26]
2024-10-03T10:16:41.159+02:00  INFO 28292 --- [statsApp] [restartedMain] o.a.c.c.C.[Tomcat].[localhost].[/]       : Initializing Spring embedded WebApplicationContext
2024-10-03T10:16:41.159+02:00  INFO 28292 --- [statsApp] [restartedMain] w.s.c.ServletWebServerApplicationContext : Root WebApplicationContext: initialization completed in 712 ms
2024-10-03T10:16:41.235+02:00  INFO 28292 --- [statsApp] [restartedMain] o.hibernate.jpa.internal.util.LogHelper  : HHH000204: Processing PersistenceUnitInfo [name: default]
2024-10-03T10:16:41.240+02:00  INFO 28292 --- [statsApp] [restartedMain] o.h.c.internal.RegionFactoryInitiator    : HHH000026: Second-level cache disabled
2024-10-03T10:16:41.267+02:00  INFO 28292 --- [statsApp] [restartedMain] o.s.o.j.p.SpringPersistenceUnitInfo      : No LoadTimeWeaver setup: ignoring JPA class transformer
2024-10-03T10:16:41.269+02:00  INFO 28292 --- [statsApp] [restartedMain] com.zaxxer.hikari.HikariDataSource       : HikariPool-2 - Starting...
2024-10-03T10:16:41.276+02:00  INFO 28292 --- [statsApp] [restartedMain] com.zaxxer.hikari.pool.HikariPool        : HikariPool-2 - Added connection org.mariadb.jdbc.Connection@38bdfd7
2024-10-03T10:16:41.276+02:00  INFO 28292 --- [statsApp] [restartedMain] com.zaxxer.hikari.HikariDataSource       : HikariPool-2 - Start completed.
2024-10-03T10:16:41.279+02:00  WARN 28292 --- [statsApp] [restartedMain] org.hibernate.orm.deprecation            : HHH90000025: MariaDBDialect does not need to be specified explicitly using 'hibernate.dialect' (remove the property setting and it will be selected by default)
2024-10-03T10:16:41.286+02:00  WARN 28292 --- [statsApp] [restartedMain] o.h.boot.model.internal.EntityBinder     : HHH000457: Joined inheritance hierarchy [cz.landspa.statsapp.model.Event] defined explicit @DiscriminatorColumn.  Legacy Hibernate behavior was to ignore the @DiscriminatorColumn.  However, as part of issue HHH-6911 we now apply the explicit @DiscriminatorColumn.  If you would prefer the legacy behavior, enable the `hibernate.discriminator.ignore_explicit_for_joined` setting (hibernate.discriminator.ignore_explicit_for_joined=true)
2024-10-03T10:16:41.681+02:00  INFO 28292 --- [statsApp] [restartedMain] o.h.e.t.j.p.i.JtaPlatformInitiator       : HHH000489: No JTA platform available (set 'hibernate.transaction.jta.platform' to enable JTA platform integration)
2024-10-03T10:16:41.742+02:00  INFO 28292 --- [statsApp] [restartedMain] j.LocalContainerEntityManagerFactoryBean : Initialized JPA EntityManagerFactory for persistence unit 'default'
2024-10-03T10:16:42.557+02:00  WARN 28292 --- [statsApp] [restartedMain] JpaBaseConfiguration$JpaWebConfiguration : spring.jpa.open-in-view is enabled by default. Therefore, database queries may be performed during view rendering. Explicitly configure spring.jpa.open-in-view to disable this warning
2024-10-03T10:16:42.570+02:00  WARN 28292 --- [statsApp] [restartedMain] r$InitializeUserDetailsManagerConfigurer : Global AuthenticationManager configured with an AuthenticationProvider bean. UserDetailsService beans will not be used for username/password login. Consider removing the AuthenticationProvider bean. Alternatively, consider using the UserDetailsService in a manually instantiated DaoAuthenticationProvider.
2024-10-03T10:16:42.589+02:00  INFO 28292 --- [statsApp] [restartedMain] o.s.b.a.w.s.WelcomePageHandlerMapping    : Adding welcome page template: index
2024-10-03T10:16:42.877+02:00  INFO 28292 --- [statsApp] [restartedMain] o.s.b.d.a.OptionalLiveReloadServer       : LiveReload server is running on port 35729
2024-10-03T10:16:42.902+02:00  INFO 28292 --- [statsApp] [restartedMain] o.s.b.w.embedded.tomcat.TomcatWebServer  : Tomcat started on port 8080 (http) with context path '/'
2024-10-03T10:16:42.908+02:00  INFO 28292 --- [statsApp] [restartedMain] c.landspa.statsapp.StatsAppApplication   : Started StatsAppApplication in 2.534 seconds (process running for 4191.264)
2024-10-03T10:16:42.911+02:00  INFO 28292 --- [statsApp] [restartedMain] .ConditionEvaluationDeltaLoggingListener : Condition evaluation unchanged
2024-10-03T10:18:07.492+02:00  INFO 28292 --- [statsApp] [File Watcher] rtingClassPathChangeChangedEventListener : Restarting due to 1 class path change (0 additions, 0 deletions, 1 modification)
2024-10-03T10:18:07.513+02:00  INFO 28292 --- [statsApp] [Thread-7] j.LocalContainerEntityManagerFactoryBean : Closing JPA EntityManagerFactory for persistence unit 'default'
2024-10-03T10:18:07.514+02:00  INFO 28292 --- [statsApp] [Thread-7] com.zaxxer.hikari.HikariDataSource       : HikariPool-2 - Shutdown initiated...
2024-10-03T10:18:07.517+02:00  INFO 28292 --- [statsApp] [Thread-7] com.zaxxer.hikari.HikariDataSource       : HikariPool-2 - Shutdown completed.
2024-10-03T10:18:07.612+02:00  INFO 28292 --- [statsApp] [restartedMain] c.landspa.statsapp.StatsAppApplication   : Starting StatsAppApplication using Java 22.0.1 with PID 28292 (C:\Users\landy\IdeaProjects\statsApp\target\classes started by landy in C:\Users\landy\IdeaProjects\statsApp)
2024-10-03T10:18:07.612+02:00  INFO 28292 --- [statsApp] [restartedMain] c.landspa.statsapp.StatsAppApplication   : No active profile set, falling back to 1 default profile: "default"
2024-10-03T10:18:07.935+02:00  INFO 28292 --- [statsApp] [restartedMain] .s.d.r.c.RepositoryConfigurationDelegate : Bootstrapping Spring Data JPA repositories in DEFAULT mode.
2024-10-03T10:18:07.993+02:00  INFO 28292 --- [statsApp] [restartedMain] .s.d.r.c.RepositoryConfigurationDelegate : Finished Spring Data repository scanning in 58 ms. Found 14 JPA repository interfaces.
2024-10-03T10:18:08.126+02:00  INFO 28292 --- [statsApp] [restartedMain] o.s.b.w.embedded.tomcat.TomcatWebServer  : Tomcat initialized with port 8080 (http)
2024-10-03T10:18:08.127+02:00  INFO 28292 --- [statsApp] [restartedMain] o.apache.catalina.core.StandardService   : Starting service [Tomcat]
2024-10-03T10:18:08.127+02:00  INFO 28292 --- [statsApp] [restartedMain] o.apache.catalina.core.StandardEngine    : Starting Servlet engine: [Apache Tomcat/10.1.26]
2024-10-03T10:18:08.151+02:00  INFO 28292 --- [statsApp] [restartedMain] o.a.c.c.C.[Tomcat].[localhost].[/]       : Initializing Spring embedded WebApplicationContext
2024-10-03T10:18:08.151+02:00  INFO 28292 --- [statsApp] [restartedMain] w.s.c.ServletWebServerApplicationContext : Root WebApplicationContext: initialization completed in 536 ms
2024-10-03T10:18:08.201+02:00  INFO 28292 --- [statsApp] [restartedMain] o.hibernate.jpa.internal.util.LogHelper  : HHH000204: Processing PersistenceUnitInfo [name: default]
2024-10-03T10:18:08.203+02:00  INFO 28292 --- [statsApp] [restartedMain] o.h.c.internal.RegionFactoryInitiator    : HHH000026: Second-level cache disabled
2024-10-03T10:18:08.211+02:00  INFO 28292 --- [statsApp] [restartedMain] o.s.o.j.p.SpringPersistenceUnitInfo      : No LoadTimeWeaver setup: ignoring JPA class transformer
2024-10-03T10:18:08.213+02:00  INFO 28292 --- [statsApp] [restartedMain] com.zaxxer.hikari.HikariDataSource       : HikariPool-3 - Starting...
2024-10-03T10:18:08.216+02:00  INFO 28292 --- [statsApp] [restartedMain] com.zaxxer.hikari.pool.HikariPool        : HikariPool-3 - Added connection org.mariadb.jdbc.Connection@428db426
2024-10-03T10:18:08.216+02:00  INFO 28292 --- [statsApp] [restartedMain] com.zaxxer.hikari.HikariDataSource       : HikariPool-3 - Start completed.
2024-10-03T10:18:08.217+02:00  WARN 28292 --- [statsApp] [restartedMain] org.hibernate.orm.deprecation            : HHH90000025: MariaDBDialect does not need to be specified explicitly using 'hibernate.dialect' (remove the property setting and it will be selected by default)
2024-10-03T10:18:08.220+02:00  WARN 28292 --- [statsApp] [restartedMain] o.h.boot.model.internal.EntityBinder     : HHH000457: Joined inheritance hierarchy [cz.landspa.statsapp.model.Event] defined explicit @DiscriminatorColumn.  Legacy Hibernate behavior was to ignore the @DiscriminatorColumn.  However, as part of issue HHH-6911 we now apply the explicit @DiscriminatorColumn.  If you would prefer the legacy behavior, enable the `hibernate.discriminator.ignore_explicit_for_joined` setting (hibernate.discriminator.ignore_explicit_for_joined=true)
2024-10-03T10:18:08.517+02:00  INFO 28292 --- [statsApp] [restartedMain] o.h.e.t.j.p.i.JtaPlatformInitiator       : HHH000489: No JTA platform available (set 'hibernate.transaction.jta.platform' to enable JTA platform integration)
2024-10-03T10:18:08.568+02:00  INFO 28292 --- [statsApp] [restartedMain] j.LocalContainerEntityManagerFactoryBean : Initialized JPA EntityManagerFactory for persistence unit 'default'
2024-10-03T10:18:09.127+02:00  WARN 28292 --- [statsApp] [restartedMain] JpaBaseConfiguration$JpaWebConfiguration : spring.jpa.open-in-view is enabled by default. Therefore, database queries may be performed during view rendering. Explicitly configure spring.jpa.open-in-view to disable this warning
2024-10-03T10:18:09.144+02:00  WARN 28292 --- [statsApp] [restartedMain] r$InitializeUserDetailsManagerConfigurer : Global AuthenticationManager configured with an AuthenticationProvider bean. UserDetailsService beans will not be used for username/password login. Consider removing the AuthenticationProvider bean. Alternatively, consider using the UserDetailsService in a manually instantiated DaoAuthenticationProvider.
2024-10-03T10:18:09.164+02:00  INFO 28292 --- [statsApp] [restartedMain] o.s.b.a.w.s.WelcomePageHandlerMapping    : Adding welcome page template: index
2024-10-03T10:18:09.490+02:00  INFO 28292 --- [statsApp] [restartedMain] o.s.b.d.a.OptionalLiveReloadServer       : LiveReload server is running on port 35729
2024-10-03T10:18:09.508+02:00  INFO 28292 --- [statsApp] [restartedMain] o.s.b.w.embedded.tomcat.TomcatWebServer  : Tomcat started on port 8080 (http) with context path '/'
2024-10-03T10:18:09.513+02:00  INFO 28292 --- [statsApp] [restartedMain] c.landspa.statsapp.StatsAppApplication   : Started StatsAppApplication in 1.932 seconds (process running for 4277.868)
2024-10-03T10:18:09.514+02:00  INFO 28292 --- [statsApp] [restartedMain] .ConditionEvaluationDeltaLoggingListener : Condition evaluation unchanged
2024-10-03T10:19:40.006+02:00  INFO 28292 --- [statsApp] [SpringApplicationShutdownHook] j.LocalContainerEntityManagerFactoryBean : Closing JPA EntityManagerFactory for persistence unit 'default'
2024-10-03T10:19:40.007+02:00  INFO 28292 --- [statsApp] [SpringApplicationShutdownHook] com.zaxxer.hikari.HikariDataSource       : HikariPool-3 - Shutdown initiated...
2024-10-03T10:19:40.010+02:00  INFO 28292 --- [statsApp] [SpringApplicationShutdownHook] com.zaxxer.hikari.HikariDataSource       : HikariPool-3 - Shutdown completed.
